{"numFailedTestSuites":1,"numFailedTests":4,"numPassedTestSuites":0,"numPassedTests":3,"numPendingTestSuites":0,"numPendingTests":0,"numRuntimeErrorTestSuites":0,"numTotalTestSuites":1,"numTotalTests":7,"snapshot":{"added":0,"didUpdate":false,"failure":false,"filesAdded":0,"filesRemoved":0,"filesUnmatched":0,"filesUpdated":0,"matched":0,"total":0,"unchecked":0,"uncheckedKeys":[],"unmatched":0,"updated":0},"startTime":1525471117521,"success":false,"testResults":[{"assertionResults":[{"ancestorTitles":[],"failureMessages":[],"fullName":"true should be true","location":null,"status":"passed","title":"true should be true"},{"ancestorTitles":["In a describe: "],"failureMessages":[],"fullName":"In a describe:  true should still be true","location":null,"status":"passed","title":"true should still be true"},{"ancestorTitles":["In a describe: "],"failureMessages":[],"fullName":"In a describe:  a list should contain 3 items","location":null,"status":"passed","title":"a list should contain 3 items"},{"ancestorTitles":["In a describe: "],"failureMessages":["Error: \u001b[2mexpect(\u001b[22m\u001b[31mreceived\u001b[39m\u001b[2m).toEqual(\u001b[22m\u001b[32mexpected\u001b[39m\u001b[2m)\u001b[22m\n\nExpected value to equal:\n  \u001b[32m\"everything is awesome\"\u001b[39m\nReceived:\n  \u001b[31m\"everything is all right\"\u001b[39m\n    at Object.<anonymous> (/Users/jetbrains/IdeaProjects/storybook/examples/official-storybook/tests/addon-jest.test.js:16:39)\n    at Object.asyncFn (/Users/jetbrains/IdeaProjects/storybook/node_modules/jest-jasmine2/build/jasmine_async.js:82:37)\n    at resolve (/Users/jetbrains/IdeaProjects/storybook/node_modules/jest-jasmine2/build/queue_runner.js:52:12)\n    at new Promise (<anonymous>)\n    at mapper (/Users/jetbrains/IdeaProjects/storybook/node_modules/jest-jasmine2/build/queue_runner.js:39:19)\n    at promise.then (/Users/jetbrains/IdeaProjects/storybook/node_modules/jest-jasmine2/build/queue_runner.js:73:82)\n    at <anonymous>\n    at process._tickCallback (internal/process/next_tick.js:188:7)"],"fullName":"In a describe:  everything is awesome","location":null,"status":"failed","title":"everything is awesome"},{"ancestorTitles":["A bunch of failing tests: "],"failureMessages":["Error: \u001b[2mexpect(\u001b[22m\u001b[31mreceived\u001b[39m\u001b[2m).toBe(\u001b[22m\u001b[32mexpected\u001b[39m\u001b[2m) // Object.is equality\u001b[22m\n\nExpected value to be:\n  \u001b[32mfalse\u001b[39m\nReceived:\n  \u001b[31mtrue\u001b[39m\n    at Object.<anonymous> (/Users/jetbrains/IdeaProjects/storybook/examples/official-storybook/tests/addon-jest.test.js:22:18)\n    at Object.asyncFn (/Users/jetbrains/IdeaProjects/storybook/node_modules/jest-jasmine2/build/jasmine_async.js:82:37)\n    at resolve (/Users/jetbrains/IdeaProjects/storybook/node_modules/jest-jasmine2/build/queue_runner.js:52:12)\n    at new Promise (<anonymous>)\n    at mapper (/Users/jetbrains/IdeaProjects/storybook/node_modules/jest-jasmine2/build/queue_runner.js:39:19)\n    at promise.then (/Users/jetbrains/IdeaProjects/storybook/node_modules/jest-jasmine2/build/queue_runner.js:73:82)\n    at <anonymous>\n    at process._tickCallback (internal/process/next_tick.js:188:7)"],"fullName":"A bunch of failing tests:  true should still be true","location":null,"status":"failed","title":"true should still be true"},{"ancestorTitles":["A bunch of failing tests: "],"failureMessages":["Error: \u001b[2mexpect(\u001b[22m\u001b[31marray\u001b[39m\u001b[2m).toContain(\u001b[22m\u001b[32mvalue\u001b[39m\u001b[2m)\u001b[22m\n\nExpected array:\n  \u001b[31m[\"a\", \"b\", \"3\"]\u001b[39m\nTo contain value:\n  \u001b[32m301\u001b[39m\n    at Object.<anonymous> (/Users/jetbrains/IdeaProjects/storybook/examples/official-storybook/tests/addon-jest.test.js:26:29)\n    at Object.asyncFn (/Users/jetbrains/IdeaProjects/storybook/node_modules/jest-jasmine2/build/jasmine_async.js:82:37)\n    at resolve (/Users/jetbrains/IdeaProjects/storybook/node_modules/jest-jasmine2/build/queue_runner.js:52:12)\n    at new Promise (<anonymous>)\n    at mapper (/Users/jetbrains/IdeaProjects/storybook/node_modules/jest-jasmine2/build/queue_runner.js:39:19)\n    at promise.then (/Users/jetbrains/IdeaProjects/storybook/node_modules/jest-jasmine2/build/queue_runner.js:73:82)\n    at <anonymous>\n    at process._tickCallback (internal/process/next_tick.js:188:7)"],"fullName":"A bunch of failing tests:  a list should contain 3 items","location":null,"status":"failed","title":"a list should contain 3 items"},{"ancestorTitles":["A bunch of failing tests: "],"failureMessages":["Error: \u001b[2mexpect(\u001b[22m\u001b[31mfunction\u001b[39m\u001b[2m).toThrow(\u001b[22m\u001b[32mundefined\u001b[39m\u001b[2m)\u001b[22m\n\nExpected the function to throw an error.\nBut it didn't throw anything.\n    at Object.<anonymous> (/Users/jetbrains/IdeaProjects/storybook/examples/official-storybook/tests/addon-jest.test.js:30:28)\n    at Object.asyncFn (/Users/jetbrains/IdeaProjects/storybook/node_modules/jest-jasmine2/build/jasmine_async.js:82:37)\n    at resolve (/Users/jetbrains/IdeaProjects/storybook/node_modules/jest-jasmine2/build/queue_runner.js:52:12)\n    at new Promise (<anonymous>)\n    at mapper (/Users/jetbrains/IdeaProjects/storybook/node_modules/jest-jasmine2/build/queue_runner.js:39:19)\n    at promise.then (/Users/jetbrains/IdeaProjects/storybook/node_modules/jest-jasmine2/build/queue_runner.js:73:82)\n    at <anonymous>\n    at process._tickCallback (internal/process/next_tick.js:188:7)"],"fullName":"A bunch of failing tests:  should work","location":null,"status":"failed","title":"should work"}],"endTime":1525471122009,"message":"\u001b[1m\u001b[31m  \u001b[1m● \u001b[1mIn a describe:  › everything is awesome\u001b[39m\u001b[22m\n\n    \u001b[2mexpect(\u001b[22m\u001b[31mreceived\u001b[39m\u001b[2m).toEqual(\u001b[22m\u001b[32mexpected\u001b[39m\u001b[2m)\u001b[22m\n    \n    Expected value to equal:\n      \u001b[32m\"everything is awesome\"\u001b[39m\n    Received:\n      \u001b[31m\"everything is all right\"\u001b[39m\n\u001b[2m\u001b[22m\n\u001b[2m    \u001b[0m \u001b[90m 14 | \u001b[39m\u001b[0m\u001b[22m\n\u001b[2m    \u001b[0m \u001b[90m 15 | \u001b[39m  test(\u001b[32m'everything is awesome'\u001b[39m\u001b[33m,\u001b[39m () \u001b[33m=>\u001b[39m {\u001b[0m\u001b[22m\n\u001b[2m    \u001b[0m\u001b[31m\u001b[1m>\u001b[2m\u001b[39m\u001b[90m 16 | \u001b[39m    expect(\u001b[32m'everything is all right'\u001b[39m)\u001b[33m.\u001b[39mtoEqual(\u001b[32m'everything is awesome'\u001b[39m)\u001b[33m;\u001b[39m\u001b[0m\u001b[22m\n\u001b[2m    \u001b[0m \u001b[90m 17 | \u001b[39m  })\u001b[33m;\u001b[39m\u001b[0m\u001b[22m\n\u001b[2m    \u001b[0m \u001b[90m 18 | \u001b[39m})\u001b[33m;\u001b[39m\u001b[0m\u001b[22m\n\u001b[2m    \u001b[0m \u001b[90m 19 | \u001b[39m\u001b[0m\u001b[22m\n\u001b[2m      \u001b[22m\n\u001b[2m      \u001b[2mat Object.<anonymous> (\u001b[2m\u001b[0m\u001b[36mexamples/official-storybook/tests/addon-jest.test.js\u001b[39m\u001b[0m\u001b[2m:16:39)\u001b[2m\u001b[22m\n\n\u001b[1m\u001b[31m  \u001b[1m● \u001b[1mA bunch of failing tests:  › true should still be true\u001b[39m\u001b[22m\n\n    \u001b[2mexpect(\u001b[22m\u001b[31mreceived\u001b[39m\u001b[2m).toBe(\u001b[22m\u001b[32mexpected\u001b[39m\u001b[2m) // Object.is equality\u001b[22m\n    \n    Expected value to be:\n      \u001b[32mfalse\u001b[39m\n    Received:\n      \u001b[31mtrue\u001b[39m\n\u001b[2m\u001b[22m\n\u001b[2m    \u001b[0m \u001b[90m 20 | \u001b[39mdescribe(\u001b[32m'A bunch of failing tests: '\u001b[39m\u001b[33m,\u001b[39m () \u001b[33m=>\u001b[39m {\u001b[0m\u001b[22m\n\u001b[2m    \u001b[0m \u001b[90m 21 | \u001b[39m  test(\u001b[32m'true should still be true'\u001b[39m\u001b[33m,\u001b[39m () \u001b[33m=>\u001b[39m {\u001b[0m\u001b[22m\n\u001b[2m    \u001b[0m\u001b[31m\u001b[1m>\u001b[2m\u001b[39m\u001b[90m 22 | \u001b[39m    expect(\u001b[36mtrue\u001b[39m)\u001b[33m.\u001b[39mtoBe(\u001b[36mfalse\u001b[39m)\u001b[33m;\u001b[39m\u001b[0m\u001b[22m\n\u001b[2m    \u001b[0m \u001b[90m 23 | \u001b[39m  })\u001b[33m;\u001b[39m\u001b[0m\u001b[22m\n\u001b[2m    \u001b[0m \u001b[90m 24 | \u001b[39m\u001b[0m\u001b[22m\n\u001b[2m    \u001b[0m \u001b[90m 25 | \u001b[39m  test(\u001b[32m'a list should contain 3 items'\u001b[39m\u001b[33m,\u001b[39m () \u001b[33m=>\u001b[39m {\u001b[0m\u001b[22m\n\u001b[2m      \u001b[22m\n\u001b[2m      \u001b[2mat Object.<anonymous> (\u001b[2m\u001b[0m\u001b[36mexamples/official-storybook/tests/addon-jest.test.js\u001b[39m\u001b[0m\u001b[2m:22:18)\u001b[2m\u001b[22m\n\n\u001b[1m\u001b[31m  \u001b[1m● \u001b[1mA bunch of failing tests:  › a list should contain 3 items\u001b[39m\u001b[22m\n\n    \u001b[2mexpect(\u001b[22m\u001b[31marray\u001b[39m\u001b[2m).toContain(\u001b[22m\u001b[32mvalue\u001b[39m\u001b[2m)\u001b[22m\n    \n    Expected array:\n      \u001b[31m[\"a\", \"b\", \"3\"]\u001b[39m\n    To contain value:\n      \u001b[32m301\u001b[39m\n\u001b[2m\u001b[22m\n\u001b[2m    \u001b[0m \u001b[90m 24 | \u001b[39m\u001b[0m\u001b[22m\n\u001b[2m    \u001b[0m \u001b[90m 25 | \u001b[39m  test(\u001b[32m'a list should contain 3 items'\u001b[39m\u001b[33m,\u001b[39m () \u001b[33m=>\u001b[39m {\u001b[0m\u001b[22m\n\u001b[2m    \u001b[0m\u001b[31m\u001b[1m>\u001b[2m\u001b[39m\u001b[90m 26 | \u001b[39m    expect([\u001b[32m'a'\u001b[39m\u001b[33m,\u001b[39m \u001b[32m'b'\u001b[39m\u001b[33m,\u001b[39m \u001b[32m'3'\u001b[39m])\u001b[33m.\u001b[39mtoContain(\u001b[35m301\u001b[39m)\u001b[33m;\u001b[39m\u001b[0m\u001b[22m\n\u001b[2m    \u001b[0m \u001b[90m 27 | \u001b[39m  })\u001b[33m;\u001b[39m\u001b[0m\u001b[22m\n\u001b[2m    \u001b[0m \u001b[90m 28 | \u001b[39m\u001b[0m\u001b[22m\n\u001b[2m    \u001b[0m \u001b[90m 29 | \u001b[39m  test(\u001b[32m'should work'\u001b[39m\u001b[33m,\u001b[39m () \u001b[33m=>\u001b[39m {\u001b[0m\u001b[22m\n\u001b[2m      \u001b[22m\n\u001b[2m      \u001b[2mat Object.<anonymous> (\u001b[2m\u001b[0m\u001b[36mexamples/official-storybook/tests/addon-jest.test.js\u001b[39m\u001b[0m\u001b[2m:26:29)\u001b[2m\u001b[22m\n\n\u001b[1m\u001b[31m  \u001b[1m● \u001b[1mA bunch of failing tests:  › should work\u001b[39m\u001b[22m\n\n    \u001b[2mexpect(\u001b[22m\u001b[31mfunction\u001b[39m\u001b[2m).toThrow(\u001b[22m\u001b[32mundefined\u001b[39m\u001b[2m)\u001b[22m\n    \n    Expected the function to throw an error.\n    But it didn't throw anything.\n\u001b[2m\u001b[22m\n\u001b[2m    \u001b[0m \u001b[90m 28 | \u001b[39m\u001b[0m\u001b[22m\n\u001b[2m    \u001b[0m \u001b[90m 29 | \u001b[39m  test(\u001b[32m'should work'\u001b[39m\u001b[33m,\u001b[39m () \u001b[33m=>\u001b[39m {\u001b[0m\u001b[22m\n\u001b[2m    \u001b[0m\u001b[31m\u001b[1m>\u001b[2m\u001b[39m\u001b[90m 30 | \u001b[39m    expect(() \u001b[33m=>\u001b[39m {})\u001b[33m.\u001b[39mtoThrow()\u001b[33m;\u001b[39m\u001b[0m\u001b[22m\n\u001b[2m    \u001b[0m \u001b[90m 31 | \u001b[39m  })\u001b[33m;\u001b[39m\u001b[0m\u001b[22m\n\u001b[2m    \u001b[0m \u001b[90m 32 | \u001b[39m})\u001b[33m;\u001b[39m\u001b[0m\u001b[22m\n\u001b[2m    \u001b[0m \u001b[90m 33 | \u001b[39m\u001b[0m\u001b[22m\n\u001b[2m      \u001b[22m\n\u001b[2m      \u001b[2mat Object.<anonymous> (\u001b[2m\u001b[0m\u001b[36mexamples/official-storybook/tests/addon-jest.test.js\u001b[39m\u001b[0m\u001b[2m:30:28)\u001b[2m\u001b[22m\n","name":"/Users/jetbrains/IdeaProjects/storybook/examples/official-storybook/tests/addon-jest.test.js","startTime":1525471118647,"status":"failed","summary":""}],"wasInterrupted":false}