{"numFailedTestSuites":0,"numFailedTests":0,"numPassedTestSuites":1,"numPassedTests":3,"numPendingTestSuites":0,"numPendingTests":0,"numRuntimeErrorTestSuites":0,"numTotalTestSuites":1,"numTotalTests":3,"snapshot":{"added":0,"didUpdate":false,"failure":false,"filesAdded":0,"filesRemoved":0,"filesUnmatched":0,"filesUpdated":0,"matched":0,"total":0,"unchecked":0,"uncheckedKeys":[],"unmatched":0,"updated":0},"startTime":1525677901357,"success":true,"testResults":[{"assertionResults":[{"ancestorTitles":["AppComponent"],"failureMessages":[],"fullName":"AppComponent should create the app","location":null,"status":"passed","title":"should create the app"},{"ancestorTitles":["AppComponent"],"failureMessages":[],"fullName":"AppComponent should have as title 'app'","location":null,"status":"passed","title":"should have as title 'app'"},{"ancestorTitles":["AppComponent"],"failureMessages":[],"fullName":"AppComponent should render title in a h1 tag","location":null,"status":"passed","title":"should render title in a h1 tag"}],"endTime":1525677905915,"message":"","name":"C:\\tmp\\storybook\\examples\\angular-cli\\src\\app\\app.component.spec.ts","startTime":1525677902829,"status":"passed","summary":""}],"wasInterrupted":false}