{"numFailedTestSuites":1,"numFailedTests":4,"numPassedTestSuites":0,"numPassedTests":3,"numPendingTestSuites":0,"numPendingTests":0,"numRuntimeErrorTestSuites":0,"numTotalTestSuites":1,"numTotalTests":7,"snapshot":{"added":0,"didUpdate":false,"failure":false,"filesAdded":0,"filesRemoved":0,"filesUnmatched":0,"filesUpdated":0,"matched":0,"total":0,"unchecked":0,"uncheckedKeys":[],"unmatched":0,"updated":0},"startTime":1514457547366,"success":false,"testResults":[{"assertionResults":[{"ancestorTitles":[],"failureMessages":[],"fullName":"true should be true","location":null,"status":"passed","title":"true should be true"},{"ancestorTitles":["In a describe: "],"failureMessages":[],"fullName":"In a describe:  true should still be true","location":null,"status":"passed","title":"true should still be true"},{"ancestorTitles":["In a describe: "],"failureMessages":[],"fullName":"In a describe:  a list should contain 3 items","location":null,"status":"passed","title":"a list should contain 3 items"},{"ancestorTitles":["In a describe: "],"failureMessages":["Error: \u001b[2mexpect(\u001b[22m\u001b[31mreceived\u001b[39m\u001b[2m).toEqual(\u001b[22m\u001b[32mexpected\u001b[39m\u001b[2m)\u001b[22m\n\nExpected value to equal:\n  \u001b[32m\"everything is awesome\"\u001b[39m\nReceived:\n  \u001b[31m\"everything is all right\"\u001b[39m\n    at Object.<anonymous> (/home/toto/IdeaProjects/storybook-toto/examples/cra-kitchen-sink/src/addon-jest.runner.js:15:39)\n    at Object.asyncFn (/home/toto/IdeaProjects/storybook-toto/node_modules/jest-jasmine2/build/jasmine_async.js:124:345)\n    at resolve (/home/toto/IdeaProjects/storybook-toto/node_modules/jest-jasmine2/build/queue_runner.js:51:12)\n    at Promise (<anonymous>)\n    at mapper (/home/toto/IdeaProjects/storybook-toto/node_modules/jest-jasmine2/build/queue_runner.js:40:274)\n    at promise.then (/home/toto/IdeaProjects/storybook-toto/node_modules/jest-jasmine2/build/queue_runner.js:83:39)\n    at <anonymous>"],"fullName":"In a describe:  everything is awesome","location":null,"status":"failed","title":"everything is awesome"},{"ancestorTitles":["A bunch of failing tests: "],"failureMessages":["Error: \u001b[2mexpect(\u001b[22m\u001b[31mreceived\u001b[39m\u001b[2m).toBe(\u001b[22m\u001b[32mexpected\u001b[39m\u001b[2m)\u001b[22m\n\nExpected value to be (using Object.is):\n  \u001b[32mfalse\u001b[39m\nReceived:\n  \u001b[31mtrue\u001b[39m\n    at Object.<anonymous> (/home/toto/IdeaProjects/storybook-toto/examples/cra-kitchen-sink/src/addon-jest.runner.js:21:18)\n    at Object.asyncFn (/home/toto/IdeaProjects/storybook-toto/node_modules/jest-jasmine2/build/jasmine_async.js:124:345)\n    at resolve (/home/toto/IdeaProjects/storybook-toto/node_modules/jest-jasmine2/build/queue_runner.js:51:12)\n    at Promise (<anonymous>)\n    at mapper (/home/toto/IdeaProjects/storybook-toto/node_modules/jest-jasmine2/build/queue_runner.js:40:274)\n    at promise.then (/home/toto/IdeaProjects/storybook-toto/node_modules/jest-jasmine2/build/queue_runner.js:83:39)\n    at <anonymous>"],"fullName":"A bunch of failing tests:  true should still be true","location":null,"status":"failed","title":"true should still be true"},{"ancestorTitles":["A bunch of failing tests: "],"failureMessages":["Error: \u001b[2mexpect(\u001b[22m\u001b[31marray\u001b[39m\u001b[2m).toContain(\u001b[22m\u001b[32mvalue\u001b[39m\u001b[2m)\u001b[22m\n\nExpected array:\n  \u001b[31m[\"a\", \"b\", \"3\"]\u001b[39m\nTo contain value:\n  \u001b[32m301\u001b[39m\n    at Object.<anonymous> (/home/toto/IdeaProjects/storybook-toto/examples/cra-kitchen-sink/src/addon-jest.runner.js:25:29)\n    at Object.asyncFn (/home/toto/IdeaProjects/storybook-toto/node_modules/jest-jasmine2/build/jasmine_async.js:124:345)\n    at resolve (/home/toto/IdeaProjects/storybook-toto/node_modules/jest-jasmine2/build/queue_runner.js:51:12)\n    at Promise (<anonymous>)\n    at mapper (/home/toto/IdeaProjects/storybook-toto/node_modules/jest-jasmine2/build/queue_runner.js:40:274)\n    at promise.then (/home/toto/IdeaProjects/storybook-toto/node_modules/jest-jasmine2/build/queue_runner.js:83:39)\n    at <anonymous>"],"fullName":"A bunch of failing tests:  a list should contain 3 items","location":null,"status":"failed","title":"a list should contain 3 items"},{"ancestorTitles":["A bunch of failing tests: "],"failureMessages":["Error: \u001b[2mexpect(\u001b[22m\u001b[31mfunction\u001b[39m\u001b[2m).toThrow(\u001b[22m\u001b[32mundefined\u001b[39m\u001b[2m)\u001b[22m\n\nExpected the function to throw an error.\nBut it didn't throw anything.\n    at Object.<anonymous> (/home/toto/IdeaProjects/storybook-toto/examples/cra-kitchen-sink/src/addon-jest.runner.js:29:28)\n    at Object.asyncFn (/home/toto/IdeaProjects/storybook-toto/node_modules/jest-jasmine2/build/jasmine_async.js:124:345)\n    at resolve (/home/toto/IdeaProjects/storybook-toto/node_modules/jest-jasmine2/build/queue_runner.js:51:12)\n    at Promise (<anonymous>)\n    at mapper (/home/toto/IdeaProjects/storybook-toto/node_modules/jest-jasmine2/build/queue_runner.js:40:274)\n    at promise.then (/home/toto/IdeaProjects/storybook-toto/node_modules/jest-jasmine2/build/queue_runner.js:83:39)\n    at <anonymous>"],"fullName":"A bunch of failing tests:  should work","location":null,"status":"failed","title":"should work"}],"endTime":1514457549280,"message":"\u001b[1m\u001b[31m  \u001b[1m● \u001b[1mIn a describe:  › everything is awesome\u001b[39m\u001b[22m\n\n    \u001b[2mexpect(\u001b[22m\u001b[31mreceived\u001b[39m\u001b[2m).toEqual(\u001b[22m\u001b[32mexpected\u001b[39m\u001b[2m)\u001b[22m\n    \n    Expected value to equal:\n      \u001b[32m\"everything is awesome\"\u001b[39m\n    Received:\n      \u001b[31m\"everything is all right\"\u001b[39m\n\u001b[2m\u001b[22m\n\u001b[2m    \u001b[0m \u001b[90m 13 | \u001b[39m\u001b[0m\u001b[22m\n\u001b[2m    \u001b[0m \u001b[90m 14 | \u001b[39m  test(\u001b[32m'everything is awesome'\u001b[39m\u001b[33m,\u001b[39m () \u001b[33m=>\u001b[39m {\u001b[0m\u001b[22m\n\u001b[2m    \u001b[0m\u001b[31m\u001b[1m>\u001b[2m\u001b[39m\u001b[90m 15 | \u001b[39m    expect(\u001b[32m'everything is all right'\u001b[39m)\u001b[33m.\u001b[39mtoEqual(\u001b[32m'everything is awesome'\u001b[39m)\u001b[33m;\u001b[39m\u001b[0m\u001b[22m\n\u001b[2m    \u001b[0m \u001b[90m 16 | \u001b[39m  })\u001b[33m;\u001b[39m\u001b[0m\u001b[22m\n\u001b[2m    \u001b[0m \u001b[90m 17 | \u001b[39m})\u001b[33m;\u001b[39m\u001b[0m\u001b[22m\n\u001b[2m    \u001b[0m \u001b[90m 18 | \u001b[39m\u001b[0m\u001b[22m\n\u001b[2m      \u001b[22m\n\u001b[2m      \u001b[2mat Object.<anonymous> (\u001b[2m\u001b[0m\u001b[36msrc/addon-jest.runner.js\u001b[39m\u001b[0m\u001b[2m:15:39)\u001b[2m\u001b[22m\n\n\u001b[1m\u001b[31m  \u001b[1m● \u001b[1mA bunch of failing tests:  › true should still be true\u001b[39m\u001b[22m\n\n    \u001b[2mexpect(\u001b[22m\u001b[31mreceived\u001b[39m\u001b[2m).toBe(\u001b[22m\u001b[32mexpected\u001b[39m\u001b[2m)\u001b[22m\n    \n    Expected value to be (using Object.is):\n      \u001b[32mfalse\u001b[39m\n    Received:\n      \u001b[31mtrue\u001b[39m\n\u001b[2m\u001b[22m\n\u001b[2m    \u001b[0m \u001b[90m 19 | \u001b[39mdescribe(\u001b[32m'A bunch of failing tests: '\u001b[39m\u001b[33m,\u001b[39m () \u001b[33m=>\u001b[39m {\u001b[0m\u001b[22m\n\u001b[2m    \u001b[0m \u001b[90m 20 | \u001b[39m  test(\u001b[32m'true should still be true'\u001b[39m\u001b[33m,\u001b[39m () \u001b[33m=>\u001b[39m {\u001b[0m\u001b[22m\n\u001b[2m    \u001b[0m\u001b[31m\u001b[1m>\u001b[2m\u001b[39m\u001b[90m 21 | \u001b[39m    expect(\u001b[36mtrue\u001b[39m)\u001b[33m.\u001b[39mtoBe(\u001b[36mfalse\u001b[39m)\u001b[33m;\u001b[39m\u001b[0m\u001b[22m\n\u001b[2m    \u001b[0m \u001b[90m 22 | \u001b[39m  })\u001b[33m;\u001b[39m\u001b[0m\u001b[22m\n\u001b[2m    \u001b[0m \u001b[90m 23 | \u001b[39m\u001b[0m\u001b[22m\n\u001b[2m    \u001b[0m \u001b[90m 24 | \u001b[39m  test(\u001b[32m'a list should contain 3 items'\u001b[39m\u001b[33m,\u001b[39m () \u001b[33m=>\u001b[39m {\u001b[0m\u001b[22m\n\u001b[2m      \u001b[22m\n\u001b[2m      \u001b[2mat Object.<anonymous> (\u001b[2m\u001b[0m\u001b[36msrc/addon-jest.runner.js\u001b[39m\u001b[0m\u001b[2m:21:18)\u001b[2m\u001b[22m\n\n\u001b[1m\u001b[31m  \u001b[1m● \u001b[1mA bunch of failing tests:  › a list should contain 3 items\u001b[39m\u001b[22m\n\n    \u001b[2mexpect(\u001b[22m\u001b[31marray\u001b[39m\u001b[2m).toContain(\u001b[22m\u001b[32mvalue\u001b[39m\u001b[2m)\u001b[22m\n    \n    Expected array:\n      \u001b[31m[\"a\", \"b\", \"3\"]\u001b[39m\n    To contain value:\n      \u001b[32m301\u001b[39m\n\u001b[2m\u001b[22m\n\u001b[2m    \u001b[0m \u001b[90m 23 | \u001b[39m\u001b[0m\u001b[22m\n\u001b[2m    \u001b[0m \u001b[90m 24 | \u001b[39m  test(\u001b[32m'a list should contain 3 items'\u001b[39m\u001b[33m,\u001b[39m () \u001b[33m=>\u001b[39m {\u001b[0m\u001b[22m\n\u001b[2m    \u001b[0m\u001b[31m\u001b[1m>\u001b[2m\u001b[39m\u001b[90m 25 | \u001b[39m    expect([\u001b[32m'a'\u001b[39m\u001b[33m,\u001b[39m \u001b[32m'b'\u001b[39m\u001b[33m,\u001b[39m \u001b[32m'3'\u001b[39m])\u001b[33m.\u001b[39mtoContain(\u001b[35m301\u001b[39m)\u001b[33m;\u001b[39m\u001b[0m\u001b[22m\n\u001b[2m    \u001b[0m \u001b[90m 26 | \u001b[39m  })\u001b[33m;\u001b[39m\u001b[0m\u001b[22m\n\u001b[2m    \u001b[0m \u001b[90m 27 | \u001b[39m\u001b[0m\u001b[22m\n\u001b[2m    \u001b[0m \u001b[90m 28 | \u001b[39m  test(\u001b[32m'should work'\u001b[39m\u001b[33m,\u001b[39m () \u001b[33m=>\u001b[39m {\u001b[0m\u001b[22m\n\u001b[2m      \u001b[22m\n\u001b[2m      \u001b[2mat Object.<anonymous> (\u001b[2m\u001b[0m\u001b[36msrc/addon-jest.runner.js\u001b[39m\u001b[0m\u001b[2m:25:29)\u001b[2m\u001b[22m\n\n\u001b[1m\u001b[31m  \u001b[1m● \u001b[1mA bunch of failing tests:  › should work\u001b[39m\u001b[22m\n\n    \u001b[2mexpect(\u001b[22m\u001b[31mfunction\u001b[39m\u001b[2m).toThrow(\u001b[22m\u001b[32mundefined\u001b[39m\u001b[2m)\u001b[22m\n    \n    Expected the function to throw an error.\n    But it didn't throw anything.\n\u001b[2m\u001b[22m\n\u001b[2m    \u001b[0m \u001b[90m 27 | \u001b[39m\u001b[0m\u001b[22m\n\u001b[2m    \u001b[0m \u001b[90m 28 | \u001b[39m  test(\u001b[32m'should work'\u001b[39m\u001b[33m,\u001b[39m () \u001b[33m=>\u001b[39m {\u001b[0m\u001b[22m\n\u001b[2m    \u001b[0m\u001b[31m\u001b[1m>\u001b[2m\u001b[39m\u001b[90m 29 | \u001b[39m    expect(() \u001b[33m=>\u001b[39m {})\u001b[33m.\u001b[39mtoThrow()\u001b[33m;\u001b[39m\u001b[0m\u001b[22m\n\u001b[2m    \u001b[0m \u001b[90m 30 | \u001b[39m  })\u001b[33m;\u001b[39m\u001b[0m\u001b[22m\n\u001b[2m    \u001b[0m \u001b[90m 31 | \u001b[39m})\u001b[33m;\u001b[39m\u001b[0m\u001b[22m\n\u001b[2m    \u001b[0m \u001b[90m 32 | \u001b[39m\u001b[0m\u001b[22m\n\u001b[2m      \u001b[22m\n\u001b[2m      \u001b[2mat Object.<anonymous> (\u001b[2m\u001b[0m\u001b[36msrc/addon-jest.runner.js\u001b[39m\u001b[0m\u001b[2m:29:28)\u001b[2m\u001b[22m\n","name":"/home/toto/IdeaProjects/storybook-toto/examples/cra-kitchen-sink/src/addon-jest.runner.js","startTime":1514457549022,"status":"failed","summary":""}],"wasInterrupted":false,"coverageMap":{"/home/toto/IdeaProjects/storybook-toto/examples/cra-kitchen-sink/src/enzyme.js":{"path":"/home/toto/IdeaProjects/storybook-toto/examples/cra-kitchen-sink/src/enzyme.js","statementMap":{"0":{"start":{"line":4,"column":0},"end":{"line":4,"column":45}}},"fnMap":{},"branchMap":{},"s":{"0":1},"f":{},"b":{},"_coverageSchema":"332fd63041d2c1bcb487cc26dd0d5f7d97098a6c","hash":"d28c56fec8f71f51372708ea3c39442578b3f1cc"},"/home/toto/IdeaProjects/storybook-toto/examples/cra-kitchen-sink/src/setupTests.js":{"path":"/home/toto/IdeaProjects/storybook-toto/examples/cra-kitchen-sink/src/setupTests.js","statementMap":{"0":{"start":{"line":1,"column":13},"end":{"line":1,"column":33}}},"fnMap":{},"branchMap":{},"s":{"0":0},"f":{},"b":{}},"/home/toto/IdeaProjects/storybook-toto/examples/cra-kitchen-sink/src/storyshots.test.js":{"path":"/home/toto/IdeaProjects/storybook-toto/examples/cra-kitchen-sink/src/storyshots.test.js","statementMap":{"0":{"start":{"line":1,"column":36},"end":{"line":1,"column":74}},"1":{"start":{"line":1,"column":99},"end":{"line":1,"column":139}},"2":{"start":{"line":2,"column":12},"end":{"line":2,"column":27}},"3":{"start":{"line":2,"column":41},"end":{"line":2,"column":70}},"4":{"start":{"line":4,"column":14},"end":{"line":4,"column":31}},"5":{"start":{"line":5,"column":20},"end":{"line":5,"column":45}},"6":{"start":{"line":5,"column":67},"end":{"line":5,"column":104}},"7":{"start":{"line":5,"column":143},"end":{"line":5,"column":197}},"8":{"start":{"line":7,"column":0},"end":{"line":12,"column":45}}},"fnMap":{"0":{"name":"_interopRequireDefault","decl":{"start":{"line":5,"column":114},"end":{"line":5,"column":136}},"loc":{"start":{"line":5,"column":142},"end":{"line":5,"column":198}},"line":5}},"branchMap":{"0":{"loc":{"start":{"line":5,"column":150},"end":{"line":5,"column":196}},"type":"cond-expr","locations":[{"start":{"line":5,"column":174},"end":{"line":5,"column":177}},{"start":{"line":5,"column":180},"end":{"line":5,"column":196}}],"line":5},"1":{"loc":{"start":{"line":5,"column":150},"end":{"line":5,"column":171}},"type":"binary-expr","locations":[{"start":{"line":5,"column":150},"end":{"line":5,"column":153}},{"start":{"line":5,"column":157},"end":{"line":5,"column":171}}],"line":5}},"s":{"0":0,"1":0,"2":0,"3":0,"4":0,"5":0,"6":0,"7":0,"8":0},"f":{"0":0},"b":{"0":[0,0],"1":[0,0]}},"/home/toto/IdeaProjects/storybook-toto/examples/cra-kitchen-sink/src/storyshots-image.runner.js":{"path":"/home/toto/IdeaProjects/storybook-toto/examples/cra-kitchen-sink/src/storyshots-image.runner.js","statementMap":{"0":{"start":{"line":1,"column":36},"end":{"line":1,"column":74}},"1":{"start":{"line":1,"column":99},"end":{"line":1,"column":139}},"2":{"start":{"line":2,"column":12},"end":{"line":2,"column":27}},"3":{"start":{"line":2,"column":41},"end":{"line":2,"column":70}},"4":{"start":{"line":3,"column":10},"end":{"line":3,"column":23}},"5":{"start":{"line":3,"column":35},"end":{"line":3,"column":62}},"6":{"start":{"line":3,"column":101},"end":{"line":3,"column":155}},"7":{"start":{"line":7,"column":28},"end":{"line":7,"column":84}},"8":{"start":{"line":9,"column":0},"end":{"line":27,"column":1}},"9":{"start":{"line":10,"column":2},"end":{"line":11,"column":143}},"10":{"start":{"line":14,"column":2},"end":{"line":23,"column":52}},"11":{"start":{"line":21,"column":51},"end":{"line":23,"column":44}}},"fnMap":{"0":{"name":"_interopRequireDefault","decl":{"start":{"line":3,"column":72},"end":{"line":3,"column":94}},"loc":{"start":{"line":3,"column":100},"end":{"line":3,"column":156}},"line":3},"1":{"name":"getMatchOptions","decl":{"start":{"line":21,"column":32},"end":{"line":21,"column":47}},"loc":{"start":{"line":21,"column":50},"end":{"line":23,"column":45}},"line":21}},"branchMap":{"0":{"loc":{"start":{"line":3,"column":108},"end":{"line":3,"column":154}},"type":"cond-expr","locations":[{"start":{"line":3,"column":132},"end":{"line":3,"column":135}},{"start":{"line":3,"column":138},"end":{"line":3,"column":154}}],"line":3},"1":{"loc":{"start":{"line":3,"column":108},"end":{"line":3,"column":129}},"type":"binary-expr","locations":[{"start":{"line":3,"column":108},"end":{"line":3,"column":111}},{"start":{"line":3,"column":115},"end":{"line":3,"column":129}}],"line":3},"2":{"loc":{"start":{"line":9,"column":0},"end":{"line":27,"column":1}},"type":"if","locations":[{"start":{"line":9,"column":0},"end":{"line":27,"column":1}},{"start":{"line":9,"column":0},"end":{"line":27,"column":1}}],"line":9}},"s":{"0":0,"1":0,"2":0,"3":0,"4":0,"5":0,"6":0,"7":0,"8":0,"9":0,"10":0,"11":0},"f":{"0":0,"1":0},"b":{"0":[0,0],"1":[0,0],"2":[0,0]}},"/home/toto/IdeaProjects/storybook-toto/examples/cra-kitchen-sink/src/App.test.js":{"path":"/home/toto/IdeaProjects/storybook-toto/examples/cra-kitchen-sink/src/App.test.js","statementMap":{"0":{"start":{"line":1,"column":26},"end":{"line":1,"column":42}},"1":{"start":{"line":1,"column":57},"end":{"line":1,"column":87}},"2":{"start":{"line":2,"column":16},"end":{"line":2,"column":36}},"3":{"start":{"line":2,"column":54},"end":{"line":2,"column":87}},"4":{"start":{"line":3,"column":14},"end":{"line":3,"column":31}},"5":{"start":{"line":5,"column":11},"end":{"line":5,"column":27}},"6":{"start":{"line":5,"column":40},"end":{"line":5,"column":68}},"7":{"start":{"line":5,"column":107},"end":{"line":5,"column":161}},"8":{"start":{"line":7,"column":0},"end":{"line":11,"column":3}},"9":{"start":{"line":8,"column":12},"end":{"line":8,"column":49}},"10":{"start":{"line":10,"column":2},"end":{"line":10,"column":85}}},"fnMap":{"0":{"name":"_interopRequireDefault","decl":{"start":{"line":5,"column":78},"end":{"line":5,"column":100}},"loc":{"start":{"line":5,"column":106},"end":{"line":5,"column":162}},"line":5},"1":{"name":"(anonymous_1)","decl":{"start":{"line":7,"column":31},"end":{"line":7,"column":32}},"loc":{"start":{"line":7,"column":43},"end":{"line":11,"column":1}},"line":7}},"branchMap":{"0":{"loc":{"start":{"line":5,"column":114},"end":{"line":5,"column":160}},"type":"cond-expr","locations":[{"start":{"line":5,"column":138},"end":{"line":5,"column":141}},{"start":{"line":5,"column":144},"end":{"line":5,"column":160}}],"line":5},"1":{"loc":{"start":{"line":5,"column":114},"end":{"line":5,"column":135}},"type":"binary-expr","locations":[{"start":{"line":5,"column":114},"end":{"line":5,"column":117}},{"start":{"line":5,"column":121},"end":{"line":5,"column":135}}],"line":5}},"s":{"0":0,"1":0,"2":0,"3":0,"4":0,"5":0,"6":0,"7":0,"8":0,"9":0,"10":0},"f":{"0":0,"1":0},"b":{"0":[0,0],"1":[0,0]}},"/home/toto/IdeaProjects/storybook-toto/examples/cra-kitchen-sink/src/stories/welcome.js":{"path":"/home/toto/IdeaProjects/storybook-toto/examples/cra-kitchen-sink/src/stories/welcome.js","statementMap":{"0":{"start":{"line":1,"column":26},"end":{"line":1,"column":42}},"1":{"start":{"line":1,"column":57},"end":{"line":1,"column":87}},"2":{"start":{"line":2,"column":12},"end":{"line":2,"column":44}},"3":{"start":{"line":3,"column":14},"end":{"line":3,"column":41}},"4":{"start":{"line":3,"column":80},"end":{"line":3,"column":134}},"5":{"start":{"line":5,"column":0},"end":{"line":5,"column":154}},"6":{"start":{"line":5,"column":75},"end":{"line":5,"column":151}}},"fnMap":{"0":{"name":"_interopRequireDefault","decl":{"start":{"line":3,"column":51},"end":{"line":3,"column":73}},"loc":{"start":{"line":3,"column":79},"end":{"line":3,"column":135}},"line":3},"1":{"name":"(anonymous_1)","decl":{"start":{"line":5,"column":62},"end":{"line":5,"column":63}},"loc":{"start":{"line":5,"column":74},"end":{"line":5,"column":152}},"line":5}},"branchMap":{"0":{"loc":{"start":{"line":3,"column":87},"end":{"line":3,"column":133}},"type":"cond-expr","locations":[{"start":{"line":3,"column":111},"end":{"line":3,"column":114}},{"start":{"line":3,"column":117},"end":{"line":3,"column":133}}],"line":3},"1":{"loc":{"start":{"line":3,"column":87},"end":{"line":3,"column":108}},"type":"binary-expr","locations":[{"start":{"line":3,"column":87},"end":{"line":3,"column":90}},{"start":{"line":3,"column":94},"end":{"line":3,"column":108}}],"line":3}},"s":{"0":0,"1":0,"2":0,"3":0,"4":0,"5":0,"6":0},"f":{"0":0,"1":0},"b":{"0":[0,0],"1":[0,0]}},"/home/toto/IdeaProjects/storybook-toto/examples/cra-kitchen-sink/src/App.js":{"path":"/home/toto/IdeaProjects/storybook-toto/examples/cra-kitchen-sink/src/App.js","statementMap":{"0":{"start":{"line":1,"column":13},"end":{"line":1,"column":75}},"1":{"start":{"line":1,"column":88},"end":{"line":1,"column":104}},"2":{"start":{"line":1,"column":119},"end":{"line":1,"column":149}},"3":{"start":{"line":2,"column":12},"end":{"line":2,"column":33}},"4":{"start":{"line":2,"column":47},"end":{"line":2,"column":76}},"5":{"start":{"line":3,"column":0},"end":{"line":3,"column":21}},"6":{"start":{"line":3,"column":59},"end":{"line":3,"column":113}},"7":{"start":{"line":5,"column":10},"end":{"line":12,"column":94}},"8":{"start":{"line":5,"column":26},"end":{"line":12,"column":93}},"9":{"start":{"line":12,"column":95},"end":{"line":17,"column":4}}},"fnMap":{"0":{"name":"_interopRequireDefault","decl":{"start":{"line":3,"column":30},"end":{"line":3,"column":52}},"loc":{"start":{"line":3,"column":58},"end":{"line":3,"column":114}},"line":3},"1":{"name":"App","decl":{"start":{"line":5,"column":19},"end":{"line":5,"column":22}},"loc":{"start":{"line":5,"column":25},"end":{"line":12,"column":94}},"line":5}},"branchMap":{"0":{"loc":{"start":{"line":3,"column":66},"end":{"line":3,"column":112}},"type":"cond-expr","locations":[{"start":{"line":3,"column":90},"end":{"line":3,"column":93}},{"start":{"line":3,"column":96},"end":{"line":3,"column":112}}],"line":3},"1":{"loc":{"start":{"line":3,"column":66},"end":{"line":3,"column":87}},"type":"binary-expr","locations":[{"start":{"line":3,"column":66},"end":{"line":3,"column":69}},{"start":{"line":3,"column":73},"end":{"line":3,"column":87}}],"line":3}},"s":{"0":0,"1":0,"2":0,"3":0,"4":0,"5":0,"6":0,"7":0,"8":0,"9":0},"f":{"0":0,"1":0},"b":{"0":[0,0],"1":[0,0]}},"/home/toto/IdeaProjects/storybook-toto/examples/cra-kitchen-sink/src/stories/Container.js":{"path":"/home/toto/IdeaProjects/storybook-toto/examples/cra-kitchen-sink/src/stories/Container.js","statementMap":{"0":{"start":{"line":1,"column":13},"end":{"line":1,"column":75}},"1":{"start":{"line":1,"column":88},"end":{"line":1,"column":104}},"2":{"start":{"line":1,"column":119},"end":{"line":1,"column":149}},"3":{"start":{"line":2,"column":17},"end":{"line":2,"column":38}},"4":{"start":{"line":2,"column":57},"end":{"line":2,"column":91}},"5":{"start":{"line":2,"column":130},"end":{"line":2,"column":184}},"6":{"start":{"line":4,"column":16},"end":{"line":8,"column":92}},"7":{"start":{"line":4,"column":57},"end":{"line":4,"column":70}},"8":{"start":{"line":4,"column":79},"end":{"line":4,"column":89}},"9":{"start":{"line":4,"column":96},"end":{"line":4,"column":104}},"10":{"start":{"line":4,"column":117},"end":{"line":4,"column":131}},"11":{"start":{"line":4,"column":132},"end":{"line":8,"column":91}},"12":{"start":{"line":12,"column":0},"end":{"line":23,"column":38}},"13":{"start":{"line":25,"column":0},"end":{"line":28,"column":37}},"14":{"start":{"line":28,"column":37},"end":{"line":31,"column":10}}},"fnMap":{"0":{"name":"_interopRequireDefault","decl":{"start":{"line":2,"column":101},"end":{"line":2,"column":123}},"loc":{"start":{"line":2,"column":129},"end":{"line":2,"column":185}},"line":2},"1":{"name":"Container","decl":{"start":{"line":4,"column":25},"end":{"line":4,"column":34}},"loc":{"start":{"line":4,"column":41},"end":{"line":8,"column":92}},"line":4}},"branchMap":{"0":{"loc":{"start":{"line":2,"column":137},"end":{"line":2,"column":183}},"type":"cond-expr","locations":[{"start":{"line":2,"column":161},"end":{"line":2,"column":164}},{"start":{"line":2,"column":167},"end":{"line":2,"column":183}}],"line":2},"1":{"loc":{"start":{"line":2,"column":137},"end":{"line":2,"column":158}},"type":"binary-expr","locations":[{"start":{"line":2,"column":137},"end":{"line":2,"column":140}},{"start":{"line":2,"column":144},"end":{"line":2,"column":158}}],"line":2},"2":{"loc":{"start":{"line":7,"column":6},"end":{"line":7,"column":28}},"type":"cond-expr","locations":[{"start":{"line":7,"column":18},"end":{"line":7,"column":23}},{"start":{"line":7,"column":26},"end":{"line":7,"column":28}}],"line":7},"3":{"loc":{"start":{"line":8,"column":6},"end":{"line":8,"column":88}},"type":"cond-expr","locations":[{"start":{"line":8,"column":18},"end":{"line":8,"column":81}},{"start":{"line":8,"column":84},"end":{"line":8,"column":88}}],"line":8}},"s":{"0":0,"1":0,"2":0,"3":0,"4":0,"5":0,"6":0,"7":0,"8":0,"9":0,"10":0,"11":0,"12":0,"13":0,"14":0},"f":{"0":0,"1":0},"b":{"0":[0,0],"1":[0,0],"2":[0,0],"3":[0,0]}},"/home/toto/IdeaProjects/storybook-toto/examples/cra-kitchen-sink/src/stories/stories-with-image-snapshots.stories.js":{"path":"/home/toto/IdeaProjects/storybook-toto/examples/cra-kitchen-sink/src/stories/stories-with-image-snapshots.stories.js","statementMap":{"0":{"start":{"line":1,"column":26},"end":{"line":1,"column":42}},"1":{"start":{"line":1,"column":57},"end":{"line":1,"column":87}},"2":{"start":{"line":3,"column":14},"end":{"line":3,"column":41}},"3":{"start":{"line":4,"column":20},"end":{"line":4,"column":55}},"4":{"start":{"line":5,"column":20},"end":{"line":5,"column":55}},"5":{"start":{"line":6,"column":18},"end":{"line":6,"column":51}},"6":{"start":{"line":7,"column":12},"end":{"line":7,"column":44}},"7":{"start":{"line":7,"column":83},"end":{"line":7,"column":137}},"8":{"start":{"line":9,"column":0},"end":{"line":26,"column":130}},"9":{"start":{"line":10,"column":30},"end":{"line":12,"column":113}},"10":{"start":{"line":16,"column":36},"end":{"line":18,"column":152}},"11":{"start":{"line":22,"column":31},"end":{"line":26,"column":127}}},"fnMap":{"0":{"name":"_interopRequireDefault","decl":{"start":{"line":7,"column":54},"end":{"line":7,"column":76}},"loc":{"start":{"line":7,"column":82},"end":{"line":7,"column":138}},"line":7},"1":{"name":"(anonymous_1)","decl":{"start":{"line":10,"column":17},"end":{"line":10,"column":18}},"loc":{"start":{"line":10,"column":29},"end":{"line":12,"column":114}},"line":10},"2":{"name":"(anonymous_2)","decl":{"start":{"line":16,"column":23},"end":{"line":16,"column":24}},"loc":{"start":{"line":16,"column":35},"end":{"line":18,"column":153}},"line":16},"3":{"name":"(anonymous_3)","decl":{"start":{"line":22,"column":18},"end":{"line":22,"column":19}},"loc":{"start":{"line":22,"column":30},"end":{"line":26,"column":128}},"line":22}},"branchMap":{"0":{"loc":{"start":{"line":7,"column":90},"end":{"line":7,"column":136}},"type":"cond-expr","locations":[{"start":{"line":7,"column":114},"end":{"line":7,"column":117}},{"start":{"line":7,"column":120},"end":{"line":7,"column":136}}],"line":7},"1":{"loc":{"start":{"line":7,"column":90},"end":{"line":7,"column":111}},"type":"binary-expr","locations":[{"start":{"line":7,"column":90},"end":{"line":7,"column":93}},{"start":{"line":7,"column":97},"end":{"line":7,"column":111}}],"line":7}},"s":{"0":0,"1":0,"2":0,"3":0,"4":0,"5":0,"6":0,"7":0,"8":0,"9":0,"10":0,"11":0},"f":{"0":0,"1":0,"2":0,"3":0},"b":{"0":[0,0],"1":[0,0]}},"/home/toto/IdeaProjects/storybook-toto/examples/cra-kitchen-sink/src/components/LifecycleLogger.js":{"path":"/home/toto/IdeaProjects/storybook-toto/examples/cra-kitchen-sink/src/components/LifecycleLogger.js","statementMap":{"0":{"start":{"line":1,"column":13},"end":{"line":1,"column":75}},"1":{"start":{"line":1,"column":98},"end":{"line":1,"column":145}},"2":{"start":{"line":1,"column":169},"end":{"line":1,"column":209}},"3":{"start":{"line":1,"column":230},"end":{"line":1,"column":274}},"4":{"start":{"line":1,"column":295},"end":{"line":1,"column":332}},"5":{"start":{"line":1,"column":367},"end":{"line":1,"column":425}},"6":{"start":{"line":1,"column":460},"end":{"line":1,"column":511}},"7":{"start":{"line":1,"column":529},"end":{"line":1,"column":570}},"8":{"start":{"line":1,"column":588},"end":{"line":1,"column":622}},"9":{"start":{"line":1,"column":636},"end":{"line":1,"column":652}},"10":{"start":{"line":1,"column":667},"end":{"line":1,"column":697}},"11":{"start":{"line":2,"column":20},"end":{"line":2,"column":55}},"12":{"start":{"line":2,"column":94},"end":{"line":2,"column":148}},"13":{"start":{"line":5,"column":2},"end":{"line":5,"column":56}},"14":{"start":{"line":10,"column":22},"end":{"line":39,"column":52}},"15":{"start":{"line":10,"column":45},"end":{"line":10,"column":98}},"16":{"start":{"line":11,"column":30},"end":{"line":11,"column":83}},"17":{"start":{"line":11,"column":95},"end":{"line":11,"column":223}},"18":{"start":{"line":13,"column":4},"end":{"line":13,"column":22}},"19":{"start":{"line":13,"column":22},"end":{"line":13,"column":35}},"20":{"start":{"line":14,"column":3},"end":{"line":39,"column":10}},"21":{"start":{"line":16,"column":6},"end":{"line":16,"column":32}},"22":{"start":{"line":19,"column":6},"end":{"line":19,"column":31}},"23":{"start":{"line":22,"column":6},"end":{"line":22,"column":39}},"24":{"start":{"line":25,"column":6},"end":{"line":25,"column":33}},"25":{"start":{"line":28,"column":6},"end":{"line":28,"column":32}},"26":{"start":{"line":31,"column":6},"end":{"line":31,"column":34}},"27":{"start":{"line":34,"column":6},"end":{"line":34,"column":31}},"28":{"start":{"line":37,"column":6},"end":{"line":37,"column":20}},"29":{"start":{"line":38,"column":6},"end":{"line":38,"column":103}},"30":{"start":{"line":39,"column":10},"end":{"line":39,"column":33}},"31":{"start":{"line":39,"column":53},"end":{"line":39,"column":87}}},"fnMap":{"0":{"name":"_interopRequireDefault","decl":{"start":{"line":2,"column":65},"end":{"line":2,"column":87}},"loc":{"start":{"line":2,"column":93},"end":{"line":2,"column":149}},"line":2},"1":{"name":"log","decl":{"start":{"line":4,"column":9},"end":{"line":4,"column":12}},"loc":{"start":{"line":4,"column":19},"end":{"line":6,"column":1}},"line":4},"2":{"name":"(anonymous_2)","decl":{"start":{"line":10,"column":22},"end":{"line":10,"column":23}},"loc":{"start":{"line":10,"column":44},"end":{"line":39,"column":34}},"line":10},"3":{"name":"LifecycleLogger","decl":{"start":{"line":11,"column":11},"end":{"line":11,"column":26}},"loc":{"start":{"line":11,"column":29},"end":{"line":14,"column":3}},"line":11},"4":{"name":"componentWillMount","decl":{"start":{"line":14,"column":93},"end":{"line":14,"column":111}},"loc":{"start":{"line":15,"column":4},"end":{"line":17,"column":5}},"line":15},"5":{"name":"componentDidMount","decl":{"start":{"line":17,"column":53},"end":{"line":17,"column":70}},"loc":{"start":{"line":18,"column":4},"end":{"line":20,"column":5}},"line":18},"6":{"name":"componentWillReceiveProps","decl":{"start":{"line":20,"column":61},"end":{"line":20,"column":86}},"loc":{"start":{"line":21,"column":4},"end":{"line":23,"column":5}},"line":21},"7":{"name":"componentWillUpdate","decl":{"start":{"line":23,"column":55},"end":{"line":23,"column":74}},"loc":{"start":{"line":24,"column":4},"end":{"line":26,"column":5}},"line":24},"8":{"name":"componentDidUpdate","decl":{"start":{"line":26,"column":54},"end":{"line":26,"column":72}},"loc":{"start":{"line":27,"column":4},"end":{"line":29,"column":5}},"line":27},"9":{"name":"componentWillUnmount","decl":{"start":{"line":29,"column":56},"end":{"line":29,"column":76}},"loc":{"start":{"line":30,"column":4},"end":{"line":32,"column":5}},"line":30},"10":{"name":"componentDidCatch","decl":{"start":{"line":32,"column":53},"end":{"line":32,"column":70}},"loc":{"start":{"line":33,"column":4},"end":{"line":35,"column":5}},"line":33},"11":{"name":"render","decl":{"start":{"line":35,"column":42},"end":{"line":35,"column":48}},"loc":{"start":{"line":36,"column":4},"end":{"line":39,"column":5}},"line":36}},"branchMap":{"0":{"loc":{"start":{"line":2,"column":101},"end":{"line":2,"column":147}},"type":"cond-expr","locations":[{"start":{"line":2,"column":125},"end":{"line":2,"column":128}},{"start":{"line":2,"column":131},"end":{"line":2,"column":147}}],"line":2},"1":{"loc":{"start":{"line":2,"column":101},"end":{"line":2,"column":122}},"type":"binary-expr","locations":[{"start":{"line":2,"column":101},"end":{"line":2,"column":104}},{"start":{"line":2,"column":108},"end":{"line":2,"column":122}}],"line":2},"2":{"loc":{"start":{"line":11,"column":143},"end":{"line":11,"column":210}},"type":"binary-expr","locations":[{"start":{"line":11,"column":143},"end":{"line":11,"column":168}},{"start":{"line":11,"column":172},"end":{"line":11,"column":210}}],"line":11}},"s":{"0":0,"1":0,"2":0,"3":0,"4":0,"5":0,"6":0,"7":0,"8":0,"9":0,"10":0,"11":0,"12":0,"13":0,"14":0,"15":0,"16":0,"17":0,"18":0,"19":0,"20":0,"21":0,"22":0,"23":0,"24":0,"25":0,"26":0,"27":0,"28":0,"29":0,"30":0,"31":0},"f":{"0":0,"1":0,"2":0,"3":0,"4":0,"5":0,"6":0,"7":0,"8":0,"9":0,"10":0,"11":0},"b":{"0":[0,0],"1":[0,0],"2":[0,0]}},"/home/toto/IdeaProjects/storybook-toto/examples/cra-kitchen-sink/src/stories/index.stories.js":{"path":"/home/toto/IdeaProjects/storybook-toto/examples/cra-kitchen-sink/src/stories/index.stories.js","statementMap":{"0":{"start":{"line":1,"column":26},"end":{"line":1,"column":42}},"1":{"start":{"line":1,"column":57},"end":{"line":1,"column":87}},"2":{"start":{"line":3,"column":14},"end":{"line":3,"column":41}},"3":{"start":{"line":4,"column":20},"end":{"line":4,"column":55}},"4":{"start":{"line":5,"column":20},"end":{"line":5,"column":55}},"5":{"start":{"line":6,"column":18},"end":{"line":6,"column":51}},"6":{"start":{"line":7,"column":21},"end":{"line":7,"column":57}},"7":{"start":{"line":7,"column":80},"end":{"line":7,"column":118}},"8":{"start":{"line":8,"column":17},"end":{"line":8,"column":49}},"9":{"start":{"line":9,"column":12},"end":{"line":9,"column":44}},"10":{"start":{"line":11,"column":11},"end":{"line":11,"column":28}},"11":{"start":{"line":11,"column":41},"end":{"line":11,"column":69}},"12":{"start":{"line":12,"column":17},"end":{"line":12,"column":39}},"13":{"start":{"line":12,"column":58},"end":{"line":12,"column":92}},"14":{"start":{"line":13,"column":23},"end":{"line":13,"column":63}},"15":{"start":{"line":13,"column":88},"end":{"line":13,"column":128}},"16":{"start":{"line":13,"column":167},"end":{"line":13,"column":221}},"17":{"start":{"line":15,"column":17},"end":{"line":29,"column":13}},"18":{"start":{"line":15,"column":40},"end":{"line":29,"column":12}},"19":{"start":{"line":33,"column":0},"end":{"line":81,"column":121}},"20":{"start":{"line":34,"column":30},"end":{"line":36,"column":113}},"21":{"start":{"line":40,"column":36},"end":{"line":42,"column":152}},"22":{"start":{"line":46,"column":31},"end":{"line":50,"column":127}},"23":{"start":{"line":58,"column":20},"end":{"line":60,"column":116}},"24":{"start":{"line":68,"column":20},"end":{"line":71,"column":116}},"25":{"start":{"line":78,"column":77},"end":{"line":81,"column":116}},"26":{"start":{"line":87,"column":0},"end":{"line":87,"column":128}},"27":{"start":{"line":87,"column":67},"end":{"line":87,"column":125}},"28":{"start":{"line":89,"column":0},"end":{"line":91,"column":151}},"29":{"start":{"line":91,"column":30},"end":{"line":91,"column":148}},"30":{"start":{"line":93,"column":0},"end":{"line":93,"column":145}},"31":{"start":{"line":93,"column":72},"end":{"line":93,"column":142}}},"fnMap":{"0":{"name":"_interopRequireDefault","decl":{"start":{"line":13,"column":138},"end":{"line":13,"column":160}},"loc":{"start":{"line":13,"column":166},"end":{"line":13,"column":222}},"line":13},"1":{"name":"InfoButton","decl":{"start":{"line":15,"column":26},"end":{"line":15,"column":36}},"loc":{"start":{"line":15,"column":39},"end":{"line":29,"column":13}},"line":15},"2":{"name":"(anonymous_2)","decl":{"start":{"line":34,"column":17},"end":{"line":34,"column":18}},"loc":{"start":{"line":34,"column":29},"end":{"line":36,"column":114}},"line":34},"3":{"name":"(anonymous_3)","decl":{"start":{"line":40,"column":23},"end":{"line":40,"column":24}},"loc":{"start":{"line":40,"column":35},"end":{"line":42,"column":153}},"line":40},"4":{"name":"(anonymous_4)","decl":{"start":{"line":46,"column":18},"end":{"line":46,"column":19}},"loc":{"start":{"line":46,"column":30},"end":{"line":50,"column":128}},"line":46},"5":{"name":"(anonymous_5)","decl":{"start":{"line":58,"column":0},"end":{"line":58,"column":1}},"loc":{"start":{"line":58,"column":19},"end":{"line":60,"column":117}},"line":58},"6":{"name":"(anonymous_6)","decl":{"start":{"line":68,"column":0},"end":{"line":68,"column":1}},"loc":{"start":{"line":68,"column":19},"end":{"line":71,"column":117}},"line":68},"7":{"name":"(anonymous_7)","decl":{"start":{"line":78,"column":57},"end":{"line":78,"column":58}},"loc":{"start":{"line":78,"column":76},"end":{"line":81,"column":117}},"line":78},"8":{"name":"(anonymous_8)","decl":{"start":{"line":87,"column":54},"end":{"line":87,"column":55}},"loc":{"start":{"line":87,"column":66},"end":{"line":87,"column":126}},"line":87},"9":{"name":"(anonymous_9)","decl":{"start":{"line":91,"column":17},"end":{"line":91,"column":18}},"loc":{"start":{"line":91,"column":29},"end":{"line":91,"column":149}},"line":91},"10":{"name":"(anonymous_10)","decl":{"start":{"line":93,"column":59},"end":{"line":93,"column":60}},"loc":{"start":{"line":93,"column":71},"end":{"line":93,"column":143}},"line":93}},"branchMap":{"0":{"loc":{"start":{"line":13,"column":174},"end":{"line":13,"column":220}},"type":"cond-expr","locations":[{"start":{"line":13,"column":198},"end":{"line":13,"column":201}},{"start":{"line":13,"column":204},"end":{"line":13,"column":220}}],"line":13},"1":{"loc":{"start":{"line":13,"column":174},"end":{"line":13,"column":195}},"type":"binary-expr","locations":[{"start":{"line":13,"column":174},"end":{"line":13,"column":177}},{"start":{"line":13,"column":181},"end":{"line":13,"column":195}}],"line":13}},"s":{"0":0,"1":0,"2":0,"3":0,"4":0,"5":0,"6":0,"7":0,"8":0,"9":0,"10":0,"11":0,"12":0,"13":0,"14":0,"15":0,"16":0,"17":0,"18":0,"19":0,"20":0,"21":0,"22":0,"23":0,"24":0,"25":0,"26":0,"27":0,"28":0,"29":0,"30":0,"31":0},"f":{"0":0,"1":0,"2":0,"3":0,"4":0,"5":0,"6":0,"7":0,"8":0,"9":0,"10":0},"b":{"0":[0,0],"1":[0,0]}}}}