{"numFailedTestSuites":1,"numFailedTests":4,"numPassedTestSuites":0,"numPassedTests":3,"numPendingTestSuites":0,"numPendingTests":0,"numRuntimeErrorTestSuites":0,"numTotalTestSuites":1,"numTotalTests":7,"snapshot":{"added":0,"didUpdate":false,"failure":false,"filesAdded":0,"filesRemoved":0,"filesUnmatched":0,"filesUpdated":0,"matched":0,"total":0,"unchecked":0,"unmatched":0,"updated":0},"startTime":1510879394442,"success":false,"testResults":[{"assertionResults":[{"ancestorTitles":[],"failureMessages":[],"fullName":"true should be true","status":"passed","title":"true should be true"},{"ancestorTitles":["In a describe: "],"failureMessages":[],"fullName":"In a describe:  true should still be true","status":"passed","title":"true should still be true"},{"ancestorTitles":["In a describe: "],"failureMessages":[],"fullName":"In a describe:  a list should contain 3 items","status":"passed","title":"a list should contain 3 items"},{"ancestorTitles":["In a describe: "],"failureMessages":["Error: \u001b[2mexpect(\u001b[22m\u001b[31mreceived\u001b[39m\u001b[2m).toEqual(\u001b[22m\u001b[32mexpected\u001b[39m\u001b[2m)\u001b[22m\n\nExpected value to equal:\n  \u001b[32m\"everything is awesome\"\u001b[39m\nReceived:\n  \u001b[31m\"everything is all right\"\u001b[39m\n    at Object.<anonymous> (/Users/dev/Projects/GitHub/storybook/core/examples/cra-kitchen-sink/src/stories/addon-jest.test.js:15:39)\n    at Object.asyncFn (/Users/dev/Projects/GitHub/storybook/core/node_modules/jest-config/node_modules/jest-jasmine2/build/jasmine_async.js:124:345)\n    at resolve (/Users/dev/Projects/GitHub/storybook/core/node_modules/jest-config/node_modules/jest-jasmine2/build/queue_runner.js:46:12)\n    at new Promise (<anonymous>)\n    at mapper (/Users/dev/Projects/GitHub/storybook/core/node_modules/jest-config/node_modules/jest-jasmine2/build/queue_runner.js:34:499)\n    at promise.then (/Users/dev/Projects/GitHub/storybook/core/node_modules/jest-config/node_modules/jest-jasmine2/build/queue_runner.js:74:39)\n    at <anonymous>\n    at process._tickCallback (internal/process/next_tick.js:188:7)"],"fullName":"In a describe:  everything is awesome","status":"failed","title":"everything is awesome"},{"ancestorTitles":["A bunch of failing tests: "],"failureMessages":["Error: \u001b[2mexpect(\u001b[22m\u001b[31mreceived\u001b[39m\u001b[2m).toBe(\u001b[22m\u001b[32mexpected\u001b[39m\u001b[2m)\u001b[22m\n\nExpected value to be (using ===):\n  \u001b[32mfalse\u001b[39m\nReceived:\n  \u001b[31mtrue\u001b[39m\n    at Object.<anonymous> (/Users/dev/Projects/GitHub/storybook/core/examples/cra-kitchen-sink/src/stories/addon-jest.test.js:21:18)\n    at Object.asyncFn (/Users/dev/Projects/GitHub/storybook/core/node_modules/jest-config/node_modules/jest-jasmine2/build/jasmine_async.js:124:345)\n    at resolve (/Users/dev/Projects/GitHub/storybook/core/node_modules/jest-config/node_modules/jest-jasmine2/build/queue_runner.js:46:12)\n    at new Promise (<anonymous>)\n    at mapper (/Users/dev/Projects/GitHub/storybook/core/node_modules/jest-config/node_modules/jest-jasmine2/build/queue_runner.js:34:499)\n    at promise.then (/Users/dev/Projects/GitHub/storybook/core/node_modules/jest-config/node_modules/jest-jasmine2/build/queue_runner.js:74:39)\n    at <anonymous>\n    at process._tickCallback (internal/process/next_tick.js:188:7)"],"fullName":"A bunch of failing tests:  true should still be true","status":"failed","title":"true should still be true"},{"ancestorTitles":["A bunch of failing tests: "],"failureMessages":["Error: \u001b[2mexpect(\u001b[22m\u001b[31marray\u001b[39m\u001b[2m).toContain(\u001b[22m\u001b[32mvalue\u001b[39m\u001b[2m)\u001b[22m\n\nExpected array:\n  \u001b[31m[\"a\", \"b\", \"3\"]\u001b[39m\nTo contain value:\n  \u001b[32m301\u001b[39m\n    at Object.<anonymous> (/Users/dev/Projects/GitHub/storybook/core/examples/cra-kitchen-sink/src/stories/addon-jest.test.js:25:29)\n    at Object.asyncFn (/Users/dev/Projects/GitHub/storybook/core/node_modules/jest-config/node_modules/jest-jasmine2/build/jasmine_async.js:124:345)\n    at resolve (/Users/dev/Projects/GitHub/storybook/core/node_modules/jest-config/node_modules/jest-jasmine2/build/queue_runner.js:46:12)\n    at new Promise (<anonymous>)\n    at mapper (/Users/dev/Projects/GitHub/storybook/core/node_modules/jest-config/node_modules/jest-jasmine2/build/queue_runner.js:34:499)\n    at promise.then (/Users/dev/Projects/GitHub/storybook/core/node_modules/jest-config/node_modules/jest-jasmine2/build/queue_runner.js:74:39)\n    at <anonymous>\n    at process._tickCallback (internal/process/next_tick.js:188:7)"],"fullName":"A bunch of failing tests:  a list should contain 3 items","status":"failed","title":"a list should contain 3 items"},{"ancestorTitles":["A bunch of failing tests: "],"failureMessages":["Error: \u001b[2mexpect(\u001b[22m\u001b[31mfunction\u001b[39m\u001b[2m).toThrow(\u001b[22m\u001b[32mundefined\u001b[39m\u001b[2m)\u001b[22m\n\nExpected the function to throw an error.\nBut it didn't throw anything.\n    at Object.<anonymous> (/Users/dev/Projects/GitHub/storybook/core/examples/cra-kitchen-sink/src/stories/addon-jest.test.js:29:28)\n    at Object.asyncFn (/Users/dev/Projects/GitHub/storybook/core/node_modules/jest-config/node_modules/jest-jasmine2/build/jasmine_async.js:124:345)\n    at resolve (/Users/dev/Projects/GitHub/storybook/core/node_modules/jest-config/node_modules/jest-jasmine2/build/queue_runner.js:46:12)\n    at new Promise (<anonymous>)\n    at mapper (/Users/dev/Projects/GitHub/storybook/core/node_modules/jest-config/node_modules/jest-jasmine2/build/queue_runner.js:34:499)\n    at promise.then (/Users/dev/Projects/GitHub/storybook/core/node_modules/jest-config/node_modules/jest-jasmine2/build/queue_runner.js:74:39)\n    at <anonymous>\n    at process._tickCallback (internal/process/next_tick.js:188:7)"],"fullName":"A bunch of failing tests:  should work","status":"failed","title":"should work"}],"endTime":1510879395550,"message":"\u001b[1m\u001b[31m  \u001b[1m● \u001b[1mIn a describe:  › everything is awesome\u001b[39m\u001b[22m\n\n    \u001b[2mexpect(\u001b[22m\u001b[31mreceived\u001b[39m\u001b[2m).toEqual(\u001b[22m\u001b[32mexpected\u001b[39m\u001b[2m)\u001b[22m\n    \n    Expected value to equal:\n      \u001b[32m\"everything is awesome\"\u001b[39m\n    Received:\n      \u001b[31m\"everything is all right\"\u001b[39m\n\u001b[2m      \u001b[22m\n\u001b[2m      \u001b[2mat Object.<anonymous> (\u001b[2m\u001b[0m\u001b[36msrc/stories/addon-jest.test.js\u001b[39m\u001b[0m\u001b[2m:15:39)\u001b[2m\u001b[22m\n\u001b[2m          at new Promise (<anonymous>)\u001b[22m\n\u001b[2m          at <anonymous>\u001b[22m\n\u001b[2m      \u001b[2mat process._tickCallback (\u001b[2m\u001b[0m\u001b[36minternal/process/next_tick.js\u001b[39m\u001b[0m\u001b[2m:188:7)\u001b[2m\u001b[22m\n\n\u001b[1m\u001b[31m  \u001b[1m● \u001b[1mA bunch of failing tests:  › true should still be true\u001b[39m\u001b[22m\n\n    \u001b[2mexpect(\u001b[22m\u001b[31mreceived\u001b[39m\u001b[2m).toBe(\u001b[22m\u001b[32mexpected\u001b[39m\u001b[2m)\u001b[22m\n    \n    Expected value to be (using ===):\n      \u001b[32mfalse\u001b[39m\n    Received:\n      \u001b[31mtrue\u001b[39m\n\u001b[2m      \u001b[22m\n\u001b[2m      \u001b[2mat Object.<anonymous> (\u001b[2m\u001b[0m\u001b[36msrc/stories/addon-jest.test.js\u001b[39m\u001b[0m\u001b[2m:21:18)\u001b[2m\u001b[22m\n\u001b[2m          at new Promise (<anonymous>)\u001b[22m\n\u001b[2m          at <anonymous>\u001b[22m\n\u001b[2m      \u001b[2mat process._tickCallback (\u001b[2m\u001b[0m\u001b[36minternal/process/next_tick.js\u001b[39m\u001b[0m\u001b[2m:188:7)\u001b[2m\u001b[22m\n\n\u001b[1m\u001b[31m  \u001b[1m● \u001b[1mA bunch of failing tests:  › a list should contain 3 items\u001b[39m\u001b[22m\n\n    \u001b[2mexpect(\u001b[22m\u001b[31marray\u001b[39m\u001b[2m).toContain(\u001b[22m\u001b[32mvalue\u001b[39m\u001b[2m)\u001b[22m\n    \n    Expected array:\n      \u001b[31m[\"a\", \"b\", \"3\"]\u001b[39m\n    To contain value:\n      \u001b[32m301\u001b[39m\n\u001b[2m      \u001b[22m\n\u001b[2m      \u001b[2mat Object.<anonymous> (\u001b[2m\u001b[0m\u001b[36msrc/stories/addon-jest.test.js\u001b[39m\u001b[0m\u001b[2m:25:29)\u001b[2m\u001b[22m\n\u001b[2m          at new Promise (<anonymous>)\u001b[22m\n\u001b[2m          at <anonymous>\u001b[22m\n\u001b[2m      \u001b[2mat process._tickCallback (\u001b[2m\u001b[0m\u001b[36minternal/process/next_tick.js\u001b[39m\u001b[0m\u001b[2m:188:7)\u001b[2m\u001b[22m\n\n\u001b[1m\u001b[31m  \u001b[1m● \u001b[1mA bunch of failing tests:  › should work\u001b[39m\u001b[22m\n\n    \u001b[2mexpect(\u001b[22m\u001b[31mfunction\u001b[39m\u001b[2m).toThrow(\u001b[22m\u001b[32mundefined\u001b[39m\u001b[2m)\u001b[22m\n    \n    Expected the function to throw an error.\n    But it didn't throw anything.\n\u001b[2m      \u001b[22m\n\u001b[2m      \u001b[2mat Object.<anonymous> (\u001b[2m\u001b[0m\u001b[36msrc/stories/addon-jest.test.js\u001b[39m\u001b[0m\u001b[2m:29:28)\u001b[2m\u001b[22m\n\u001b[2m          at new Promise (<anonymous>)\u001b[22m\n\u001b[2m          at <anonymous>\u001b[22m\n\u001b[2m      \u001b[2mat process._tickCallback (\u001b[2m\u001b[0m\u001b[36minternal/process/next_tick.js\u001b[39m\u001b[0m\u001b[2m:188:7)\u001b[2m\u001b[22m\n","name":"/Users/dev/Projects/GitHub/storybook/core/examples/cra-kitchen-sink/src/stories/addon-jest.test.js","startTime":1510879395035,"status":"failed","summary":""}],"wasInterrupted":false,"coverageMap":{"/Users/dev/Projects/GitHub/storybook/core/examples/cra-kitchen-sink/src/stories/addon-jest.stories.js":{"path":"/Users/dev/Projects/GitHub/storybook/core/examples/cra-kitchen-sink/src/stories/addon-jest.stories.js","statementMap":{"0":{"start":{"line":1,"column":26},"end":{"line":1,"column":42}},"1":{"start":{"line":1,"column":57},"end":{"line":1,"column":87}},"2":{"start":{"line":2,"column":14},"end":{"line":2,"column":41}},"3":{"start":{"line":4,"column":17},"end":{"line":4,"column":49}},"4":{"start":{"line":5,"column":28},"end":{"line":5,"column":68}},"5":{"start":{"line":5,"column":98},"end":{"line":5,"column":143}},"6":{"start":{"line":5,"column":182},"end":{"line":5,"column":236}},"7":{"start":{"line":7,"column":21},"end":{"line":8,"column":44}},"8":{"start":{"line":11,"column":0},"end":{"line":15,"column":61}},"9":{"start":{"line":13,"column":30},"end":{"line":15,"column":58}}},"fnMap":{"0":{"name":"_interopRequireDefault","decl":{"start":{"line":5,"column":153},"end":{"line":5,"column":175}},"loc":{"start":{"line":5,"column":181},"end":{"line":5,"column":237}},"line":5},"1":{"name":"(anonymous_1)","decl":{"start":{"line":13,"column":17},"end":{"line":13,"column":18}},"loc":{"start":{"line":13,"column":29},"end":{"line":15,"column":59}},"line":13}},"branchMap":{"0":{"loc":{"start":{"line":5,"column":189},"end":{"line":5,"column":235}},"type":"cond-expr","locations":[{"start":{"line":5,"column":213},"end":{"line":5,"column":216}},{"start":{"line":5,"column":219},"end":{"line":5,"column":235}}],"line":5},"1":{"loc":{"start":{"line":5,"column":189},"end":{"line":5,"column":210}},"type":"binary-expr","locations":[{"start":{"line":5,"column":189},"end":{"line":5,"column":192}},{"start":{"line":5,"column":196},"end":{"line":5,"column":210}}],"line":5}},"s":{"0":0,"1":0,"2":0,"3":0,"4":0,"5":0,"6":0,"7":0,"8":0,"9":0},"f":{"0":0,"1":0},"b":{"0":[0,0],"1":[0,0]}},"/Users/dev/Projects/GitHub/storybook/core/examples/cra-kitchen-sink/src/stories/welcome.js":{"path":"/Users/dev/Projects/GitHub/storybook/core/examples/cra-kitchen-sink/src/stories/welcome.js","statementMap":{"0":{"start":{"line":1,"column":26},"end":{"line":1,"column":42}},"1":{"start":{"line":1,"column":57},"end":{"line":1,"column":87}},"2":{"start":{"line":2,"column":12},"end":{"line":2,"column":44}},"3":{"start":{"line":3,"column":14},"end":{"line":3,"column":41}},"4":{"start":{"line":4,"column":18},"end":{"line":4,"column":51}},"5":{"start":{"line":4,"column":90},"end":{"line":4,"column":144}},"6":{"start":{"line":6,"column":0},"end":{"line":6,"column":178}},"7":{"start":{"line":6,"column":75},"end":{"line":6,"column":175}}},"fnMap":{"0":{"name":"_interopRequireDefault","decl":{"start":{"line":4,"column":61},"end":{"line":4,"column":83}},"loc":{"start":{"line":4,"column":89},"end":{"line":4,"column":145}},"line":4},"1":{"name":"(anonymous_1)","decl":{"start":{"line":6,"column":62},"end":{"line":6,"column":63}},"loc":{"start":{"line":6,"column":74},"end":{"line":6,"column":176}},"line":6}},"branchMap":{"0":{"loc":{"start":{"line":4,"column":97},"end":{"line":4,"column":143}},"type":"cond-expr","locations":[{"start":{"line":4,"column":121},"end":{"line":4,"column":124}},{"start":{"line":4,"column":127},"end":{"line":4,"column":143}}],"line":4},"1":{"loc":{"start":{"line":4,"column":97},"end":{"line":4,"column":118}},"type":"binary-expr","locations":[{"start":{"line":4,"column":97},"end":{"line":4,"column":100}},{"start":{"line":4,"column":104},"end":{"line":4,"column":118}}],"line":4}},"s":{"0":0,"1":0,"2":0,"3":0,"4":0,"5":0,"6":0,"7":0},"f":{"0":0,"1":0},"b":{"0":[0,0],"1":[0,0]}},"/Users/dev/Projects/GitHub/storybook/core/examples/cra-kitchen-sink/src/components/SimpleList.js":{"path":"/Users/dev/Projects/GitHub/storybook/core/examples/cra-kitchen-sink/src/components/SimpleList.js","statementMap":{"0":{"start":{"line":1,"column":13},"end":{"line":1,"column":75}},"1":{"start":{"line":1,"column":88},"end":{"line":1,"column":104}},"2":{"start":{"line":1,"column":119},"end":{"line":1,"column":149}},"3":{"start":{"line":2,"column":17},"end":{"line":2,"column":38}},"4":{"start":{"line":2,"column":57},"end":{"line":2,"column":91}},"5":{"start":{"line":2,"column":130},"end":{"line":2,"column":184}},"6":{"start":{"line":4,"column":11},"end":{"line":6,"column":103}},"7":{"start":{"line":4,"column":44},"end":{"line":4,"column":54}},"8":{"start":{"line":4,"column":55},"end":{"line":6,"column":102}},"9":{"start":{"line":6,"column":33},"end":{"line":6,"column":97}},"10":{"start":{"line":10,"column":0},"end":{"line":11,"column":78}},"11":{"start":{"line":11,"column":78},"end":{"line":14,"column":5}}},"fnMap":{"0":{"name":"_interopRequireDefault","decl":{"start":{"line":2,"column":101},"end":{"line":2,"column":123}},"loc":{"start":{"line":2,"column":129},"end":{"line":2,"column":185}},"line":2},"1":{"name":"List","decl":{"start":{"line":4,"column":20},"end":{"line":4,"column":24}},"loc":{"start":{"line":4,"column":31},"end":{"line":6,"column":103}},"line":4},"2":{"name":"(anonymous_2)","decl":{"start":{"line":6,"column":16},"end":{"line":6,"column":17}},"loc":{"start":{"line":6,"column":32},"end":{"line":6,"column":98}},"line":6}},"branchMap":{"0":{"loc":{"start":{"line":2,"column":137},"end":{"line":2,"column":183}},"type":"cond-expr","locations":[{"start":{"line":2,"column":161},"end":{"line":2,"column":164}},{"start":{"line":2,"column":167},"end":{"line":2,"column":183}}],"line":2},"1":{"loc":{"start":{"line":2,"column":137},"end":{"line":2,"column":158}},"type":"binary-expr","locations":[{"start":{"line":2,"column":137},"end":{"line":2,"column":140}},{"start":{"line":2,"column":144},"end":{"line":2,"column":158}}],"line":2}},"s":{"0":0,"1":0,"2":0,"3":0,"4":0,"5":0,"6":0,"7":0,"8":0,"9":0,"10":0,"11":0},"f":{"0":0,"1":0,"2":0},"b":{"0":[0,0],"1":[0,0]}},"/Users/dev/Projects/GitHub/storybook/core/examples/cra-kitchen-sink/src/components/BaseButton.js":{"path":"/Users/dev/Projects/GitHub/storybook/core/examples/cra-kitchen-sink/src/components/BaseButton.js","statementMap":{"0":{"start":{"line":1,"column":13},"end":{"line":1,"column":75}},"1":{"start":{"line":1,"column":88},"end":{"line":1,"column":104}},"2":{"start":{"line":1,"column":119},"end":{"line":1,"column":149}},"3":{"start":{"line":2,"column":17},"end":{"line":2,"column":38}},"4":{"start":{"line":2,"column":57},"end":{"line":2,"column":91}},"5":{"start":{"line":2,"column":130},"end":{"line":2,"column":184}},"6":{"start":{"line":5,"column":17},"end":{"line":7,"column":15}},"7":{"start":{"line":5,"column":59},"end":{"line":5,"column":72}},"8":{"start":{"line":5,"column":81},"end":{"line":5,"column":91}},"9":{"start":{"line":5,"column":102},"end":{"line":5,"column":114}},"10":{"start":{"line":5,"column":123},"end":{"line":5,"column":133}},"11":{"start":{"line":5,"column":134},"end":{"line":7,"column":14}},"12":{"start":{"line":11,"column":0},"end":{"line":14,"column":14}},"13":{"start":{"line":17,"column":0},"end":{"line":25,"column":41}},"14":{"start":{"line":25,"column":41},"end":{"line":28,"column":11}}},"fnMap":{"0":{"name":"_interopRequireDefault","decl":{"start":{"line":2,"column":101},"end":{"line":2,"column":123}},"loc":{"start":{"line":2,"column":129},"end":{"line":2,"column":185}},"line":2},"1":{"name":"BaseButton","decl":{"start":{"line":5,"column":26},"end":{"line":5,"column":36}},"loc":{"start":{"line":5,"column":43},"end":{"line":7,"column":15}},"line":5},"2":{"name":"onClick","decl":{"start":{"line":13,"column":20},"end":{"line":13,"column":27}},"loc":{"start":{"line":13,"column":30},"end":{"line":13,"column":32}},"line":13}},"branchMap":{"0":{"loc":{"start":{"line":2,"column":137},"end":{"line":2,"column":183}},"type":"cond-expr","locations":[{"start":{"line":2,"column":161},"end":{"line":2,"column":164}},{"start":{"line":2,"column":167},"end":{"line":2,"column":183}}],"line":2},"1":{"loc":{"start":{"line":2,"column":137},"end":{"line":2,"column":158}},"type":"binary-expr","locations":[{"start":{"line":2,"column":137},"end":{"line":2,"column":140}},{"start":{"line":2,"column":144},"end":{"line":2,"column":158}}],"line":2}},"s":{"0":0,"1":0,"2":0,"3":0,"4":0,"5":0,"6":0,"7":0,"8":0,"9":0,"10":0,"11":0,"12":0,"13":0,"14":0},"f":{"0":0,"1":0,"2":0},"b":{"0":[0,0],"1":[0,0]}},"/Users/dev/Projects/GitHub/storybook/core/examples/cra-kitchen-sink/src/stories/storybook-components.stories.js":{"path":"/Users/dev/Projects/GitHub/storybook/core/examples/cra-kitchen-sink/src/stories/storybook-components.stories.js","statementMap":{"0":{"start":{"line":1,"column":26},"end":{"line":1,"column":42}},"1":{"start":{"line":1,"column":57},"end":{"line":1,"column":87}},"2":{"start":{"line":2,"column":14},"end":{"line":2,"column":31}},"3":{"start":{"line":3,"column":17},"end":{"line":3,"column":37}},"4":{"start":{"line":5,"column":14},"end":{"line":5,"column":41}},"5":{"start":{"line":6,"column":20},"end":{"line":6,"column":55}},"6":{"start":{"line":7,"column":18},"end":{"line":7,"column":51}},"7":{"start":{"line":9,"column":18},"end":{"line":9,"column":50}},"8":{"start":{"line":9,"column":89},"end":{"line":9,"column":143}},"9":{"start":{"line":11,"column":0},"end":{"line":11,"column":50}},"10":{"start":{"line":13,"column":0},"end":{"line":23,"column":62}},"11":{"start":{"line":14,"column":32},"end":{"line":15,"column":218}},"12":{"start":{"line":20,"column":30},"end":{"line":23,"column":59}}},"fnMap":{"0":{"name":"_interopRequireDefault","decl":{"start":{"line":9,"column":60},"end":{"line":9,"column":82}},"loc":{"start":{"line":9,"column":88},"end":{"line":9,"column":144}},"line":9},"1":{"name":"(anonymous_1)","decl":{"start":{"line":14,"column":19},"end":{"line":14,"column":20}},"loc":{"start":{"line":14,"column":31},"end":{"line":15,"column":219}},"line":14},"2":{"name":"(anonymous_2)","decl":{"start":{"line":20,"column":17},"end":{"line":20,"column":18}},"loc":{"start":{"line":20,"column":29},"end":{"line":23,"column":60}},"line":20}},"branchMap":{"0":{"loc":{"start":{"line":9,"column":96},"end":{"line":9,"column":142}},"type":"cond-expr","locations":[{"start":{"line":9,"column":120},"end":{"line":9,"column":123}},{"start":{"line":9,"column":126},"end":{"line":9,"column":142}}],"line":9},"1":{"loc":{"start":{"line":9,"column":96},"end":{"line":9,"column":117}},"type":"binary-expr","locations":[{"start":{"line":9,"column":96},"end":{"line":9,"column":99}},{"start":{"line":9,"column":103},"end":{"line":9,"column":117}}],"line":9}},"s":{"0":0,"1":0,"2":0,"3":0,"4":0,"5":0,"6":0,"7":0,"8":0,"9":0,"10":0,"11":0,"12":0},"f":{"0":0,"1":0,"2":0},"b":{"0":[0,0],"1":[0,0]}},"/Users/dev/Projects/GitHub/storybook/core/examples/cra-kitchen-sink/src/components/FlowTypeButton.js":{"path":"/Users/dev/Projects/GitHub/storybook/core/examples/cra-kitchen-sink/src/components/FlowTypeButton.js","statementMap":{"0":{"start":{"line":1,"column":13},"end":{"line":1,"column":75}},"1":{"start":{"line":2,"column":13},"end":{"line":2,"column":29}},"2":{"start":{"line":2,"column":44},"end":{"line":2,"column":74}},"3":{"start":{"line":2,"column":113},"end":{"line":2,"column":167}},"4":{"start":{"line":14,"column":21},"end":{"line":16,"column":15}},"5":{"start":{"line":14,"column":64},"end":{"line":14,"column":74}},"6":{"start":{"line":14,"column":85},"end":{"line":14,"column":97}},"7":{"start":{"line":14,"column":109},"end":{"line":14,"column":122}},"8":{"start":{"line":14,"column":123},"end":{"line":16,"column":14}},"9":{"start":{"line":20,"column":0},"end":{"line":22,"column":35}},"10":{"start":{"line":22,"column":35},"end":{"line":25,"column":15}}},"fnMap":{"0":{"name":"_interopRequireDefault","decl":{"start":{"line":2,"column":84},"end":{"line":2,"column":106}},"loc":{"start":{"line":2,"column":112},"end":{"line":2,"column":168}},"line":2},"1":{"name":"FlowTypeButton","decl":{"start":{"line":14,"column":30},"end":{"line":14,"column":44}},"loc":{"start":{"line":14,"column":51},"end":{"line":16,"column":15}},"line":14},"2":{"name":"onClick","decl":{"start":{"line":22,"column":20},"end":{"line":22,"column":27}},"loc":{"start":{"line":22,"column":30},"end":{"line":22,"column":32}},"line":22}},"branchMap":{"0":{"loc":{"start":{"line":2,"column":120},"end":{"line":2,"column":166}},"type":"cond-expr","locations":[{"start":{"line":2,"column":144},"end":{"line":2,"column":147}},{"start":{"line":2,"column":150},"end":{"line":2,"column":166}}],"line":2},"1":{"loc":{"start":{"line":2,"column":120},"end":{"line":2,"column":141}},"type":"binary-expr","locations":[{"start":{"line":2,"column":120},"end":{"line":2,"column":123}},{"start":{"line":2,"column":127},"end":{"line":2,"column":141}}],"line":2}},"s":{"0":0,"1":0,"2":0,"3":0,"4":0,"5":0,"6":0,"7":0,"8":0,"9":0,"10":0},"f":{"0":0,"1":0,"2":0},"b":{"0":[0,0],"1":[0,0]}},"/Users/dev/Projects/GitHub/storybook/core/examples/cra-kitchen-sink/src/stories/Container.js":{"path":"/Users/dev/Projects/GitHub/storybook/core/examples/cra-kitchen-sink/src/stories/Container.js","statementMap":{"0":{"start":{"line":1,"column":13},"end":{"line":1,"column":75}},"1":{"start":{"line":1,"column":88},"end":{"line":1,"column":104}},"2":{"start":{"line":1,"column":119},"end":{"line":1,"column":149}},"3":{"start":{"line":2,"column":17},"end":{"line":2,"column":38}},"4":{"start":{"line":2,"column":57},"end":{"line":2,"column":91}},"5":{"start":{"line":2,"column":130},"end":{"line":2,"column":184}},"6":{"start":{"line":4,"column":16},"end":{"line":8,"column":80}},"7":{"start":{"line":4,"column":57},"end":{"line":4,"column":70}},"8":{"start":{"line":4,"column":79},"end":{"line":4,"column":89}},"9":{"start":{"line":4,"column":96},"end":{"line":4,"column":104}},"10":{"start":{"line":4,"column":117},"end":{"line":4,"column":131}},"11":{"start":{"line":4,"column":132},"end":{"line":8,"column":79}},"12":{"start":{"line":12,"column":0},"end":{"line":16,"column":38}},"13":{"start":{"line":18,"column":0},"end":{"line":21,"column":37}},"14":{"start":{"line":21,"column":37},"end":{"line":24,"column":10}}},"fnMap":{"0":{"name":"_interopRequireDefault","decl":{"start":{"line":2,"column":101},"end":{"line":2,"column":123}},"loc":{"start":{"line":2,"column":129},"end":{"line":2,"column":185}},"line":2},"1":{"name":"Container","decl":{"start":{"line":4,"column":25},"end":{"line":4,"column":34}},"loc":{"start":{"line":4,"column":41},"end":{"line":8,"column":80}},"line":4}},"branchMap":{"0":{"loc":{"start":{"line":2,"column":137},"end":{"line":2,"column":183}},"type":"cond-expr","locations":[{"start":{"line":2,"column":161},"end":{"line":2,"column":164}},{"start":{"line":2,"column":167},"end":{"line":2,"column":183}}],"line":2},"1":{"loc":{"start":{"line":2,"column":137},"end":{"line":2,"column":158}},"type":"binary-expr","locations":[{"start":{"line":2,"column":137},"end":{"line":2,"column":140}},{"start":{"line":2,"column":144},"end":{"line":2,"column":158}}],"line":2},"2":{"loc":{"start":{"line":7,"column":6},"end":{"line":7,"column":28}},"type":"cond-expr","locations":[{"start":{"line":7,"column":18},"end":{"line":7,"column":23}},{"start":{"line":7,"column":26},"end":{"line":7,"column":28}}],"line":7},"3":{"loc":{"start":{"line":8,"column":6},"end":{"line":8,"column":76}},"type":"cond-expr","locations":[{"start":{"line":8,"column":12},"end":{"line":8,"column":69}},{"start":{"line":8,"column":72},"end":{"line":8,"column":76}}],"line":8}},"s":{"0":0,"1":0,"2":0,"3":0,"4":0,"5":0,"6":0,"7":0,"8":0,"9":0,"10":0,"11":0,"12":0,"13":0,"14":0},"f":{"0":0,"1":0},"b":{"0":[0,0],"1":[0,0],"2":[0,0],"3":[0,0]}},"/Users/dev/Projects/GitHub/storybook/core/examples/cra-kitchen-sink/src/components/DocgenButton.js":{"path":"/Users/dev/Projects/GitHub/storybook/core/examples/cra-kitchen-sink/src/components/DocgenButton.js","statementMap":{"0":{"start":{"line":1,"column":13},"end":{"line":1,"column":75}},"1":{"start":{"line":1,"column":88},"end":{"line":1,"column":104}},"2":{"start":{"line":1,"column":119},"end":{"line":1,"column":149}},"3":{"start":{"line":2,"column":17},"end":{"line":2,"column":38}},"4":{"start":{"line":2,"column":57},"end":{"line":2,"column":91}},"5":{"start":{"line":2,"column":130},"end":{"line":2,"column":184}},"6":{"start":{"line":5,"column":19},"end":{"line":7,"column":15}},"7":{"start":{"line":5,"column":63},"end":{"line":5,"column":76}},"8":{"start":{"line":5,"column":85},"end":{"line":5,"column":95}},"9":{"start":{"line":5,"column":106},"end":{"line":5,"column":118}},"10":{"start":{"line":5,"column":119},"end":{"line":7,"column":14}},"11":{"start":{"line":11,"column":0},"end":{"line":13,"column":35}},"12":{"start":{"line":18,"column":14},"end":{"line":18,"column":16}},"13":{"start":{"line":20,"column":0},"end":{"line":69,"column":112}},"14":{"start":{"line":69,"column":112},"end":{"line":72,"column":13}}},"fnMap":{"0":{"name":"_interopRequireDefault","decl":{"start":{"line":2,"column":101},"end":{"line":2,"column":123}},"loc":{"start":{"line":2,"column":129},"end":{"line":2,"column":185}},"line":2},"1":{"name":"DocgenButton","decl":{"start":{"line":5,"column":28},"end":{"line":5,"column":40}},"loc":{"start":{"line":5,"column":47},"end":{"line":7,"column":15}},"line":5},"2":{"name":"onClick","decl":{"start":{"line":13,"column":20},"end":{"line":13,"column":27}},"loc":{"start":{"line":13,"column":30},"end":{"line":13,"column":32}},"line":13}},"branchMap":{"0":{"loc":{"start":{"line":2,"column":137},"end":{"line":2,"column":183}},"type":"cond-expr","locations":[{"start":{"line":2,"column":161},"end":{"line":2,"column":164}},{"start":{"line":2,"column":167},"end":{"line":2,"column":183}}],"line":2},"1":{"loc":{"start":{"line":2,"column":137},"end":{"line":2,"column":158}},"type":"binary-expr","locations":[{"start":{"line":2,"column":137},"end":{"line":2,"column":140}},{"start":{"line":2,"column":144},"end":{"line":2,"column":158}}],"line":2}},"s":{"0":0,"1":0,"2":0,"3":0,"4":0,"5":0,"6":0,"7":0,"8":0,"9":0,"10":0,"11":0,"12":0,"13":0,"14":0},"f":{"0":0,"1":0,"2":0},"b":{"0":[0,0],"1":[0,0]}},"/Users/dev/Projects/GitHub/storybook/core/examples/cra-kitchen-sink/src/stories/addon-notes.stories.js":{"path":"/Users/dev/Projects/GitHub/storybook/core/examples/cra-kitchen-sink/src/stories/addon-notes.stories.js","statementMap":{"0":{"start":{"line":1,"column":26},"end":{"line":1,"column":42}},"1":{"start":{"line":1,"column":57},"end":{"line":1,"column":87}},"2":{"start":{"line":2,"column":14},"end":{"line":2,"column":41}},"3":{"start":{"line":4,"column":18},"end":{"line":4,"column":51}},"4":{"start":{"line":5,"column":20},"end":{"line":5,"column":55}},"5":{"start":{"line":6,"column":18},"end":{"line":6,"column":53}},"6":{"start":{"line":6,"column":73},"end":{"line":6,"column":108}},"7":{"start":{"line":6,"column":147},"end":{"line":6,"column":201}},"8":{"start":{"line":8,"column":0},"end":{"line":17,"column":176}},"9":{"start":{"line":13,"column":13},"end":{"line":13,"column":140}},"10":{"start":{"line":15,"column":41},"end":{"line":17,"column":173}}},"fnMap":{"0":{"name":"_interopRequireDefault","decl":{"start":{"line":6,"column":118},"end":{"line":6,"column":140}},"loc":{"start":{"line":6,"column":146},"end":{"line":6,"column":202}},"line":6},"1":{"name":"(anonymous_1)","decl":{"start":{"line":13,"column":0},"end":{"line":13,"column":1}},"loc":{"start":{"line":13,"column":12},"end":{"line":13,"column":141}},"line":13},"2":{"name":"(anonymous_2)","decl":{"start":{"line":15,"column":28},"end":{"line":15,"column":29}},"loc":{"start":{"line":15,"column":40},"end":{"line":17,"column":174}},"line":15}},"branchMap":{"0":{"loc":{"start":{"line":6,"column":154},"end":{"line":6,"column":200}},"type":"cond-expr","locations":[{"start":{"line":6,"column":178},"end":{"line":6,"column":181}},{"start":{"line":6,"column":184},"end":{"line":6,"column":200}}],"line":6},"1":{"loc":{"start":{"line":6,"column":154},"end":{"line":6,"column":175}},"type":"binary-expr","locations":[{"start":{"line":6,"column":154},"end":{"line":6,"column":157}},{"start":{"line":6,"column":161},"end":{"line":6,"column":175}}],"line":6}},"s":{"0":0,"1":0,"2":0,"3":0,"4":0,"5":0,"6":0,"7":0,"8":0,"9":0,"10":0},"f":{"0":0,"1":0,"2":0},"b":{"0":[0,0],"1":[0,0]}},"/Users/dev/Projects/GitHub/storybook/core/examples/cra-kitchen-sink/src/stories/addon-backgrounds.stories.js":{"path":"/Users/dev/Projects/GitHub/storybook/core/examples/cra-kitchen-sink/src/stories/addon-backgrounds.stories.js","statementMap":{"0":{"start":{"line":1,"column":26},"end":{"line":1,"column":42}},"1":{"start":{"line":1,"column":57},"end":{"line":1,"column":87}},"2":{"start":{"line":2,"column":14},"end":{"line":2,"column":41}},"3":{"start":{"line":4,"column":24},"end":{"line":4,"column":63}},"4":{"start":{"line":4,"column":89},"end":{"line":4,"column":130}},"5":{"start":{"line":5,"column":18},"end":{"line":5,"column":53}},"6":{"start":{"line":5,"column":73},"end":{"line":5,"column":108}},"7":{"start":{"line":5,"column":147},"end":{"line":5,"column":201}},"8":{"start":{"line":7,"column":0},"end":{"line":17,"column":118}},"9":{"start":{"line":14,"column":28},"end":{"line":15,"column":127}},"10":{"start":{"line":17,"column":28},"end":{"line":17,"column":115}}},"fnMap":{"0":{"name":"_interopRequireDefault","decl":{"start":{"line":5,"column":118},"end":{"line":5,"column":140}},"loc":{"start":{"line":5,"column":146},"end":{"line":5,"column":202}},"line":5},"1":{"name":"(anonymous_1)","decl":{"start":{"line":14,"column":15},"end":{"line":14,"column":16}},"loc":{"start":{"line":14,"column":27},"end":{"line":15,"column":128}},"line":14},"2":{"name":"(anonymous_2)","decl":{"start":{"line":17,"column":15},"end":{"line":17,"column":16}},"loc":{"start":{"line":17,"column":27},"end":{"line":17,"column":116}},"line":17}},"branchMap":{"0":{"loc":{"start":{"line":5,"column":154},"end":{"line":5,"column":200}},"type":"cond-expr","locations":[{"start":{"line":5,"column":178},"end":{"line":5,"column":181}},{"start":{"line":5,"column":184},"end":{"line":5,"column":200}}],"line":5},"1":{"loc":{"start":{"line":5,"column":154},"end":{"line":5,"column":175}},"type":"binary-expr","locations":[{"start":{"line":5,"column":154},"end":{"line":5,"column":157}},{"start":{"line":5,"column":161},"end":{"line":5,"column":175}}],"line":5}},"s":{"0":0,"1":0,"2":0,"3":0,"4":0,"5":0,"6":0,"7":0,"8":0,"9":0,"10":0},"f":{"0":0,"1":0,"2":0},"b":{"0":[0,0],"1":[0,0]}},"/Users/dev/Projects/GitHub/storybook/core/examples/cra-kitchen-sink/src/App.js":{"path":"/Users/dev/Projects/GitHub/storybook/core/examples/cra-kitchen-sink/src/App.js","statementMap":{"0":{"start":{"line":1,"column":13},"end":{"line":1,"column":75}},"1":{"start":{"line":1,"column":88},"end":{"line":1,"column":104}},"2":{"start":{"line":1,"column":119},"end":{"line":1,"column":149}},"3":{"start":{"line":2,"column":12},"end":{"line":2,"column":33}},"4":{"start":{"line":2,"column":47},"end":{"line":2,"column":76}},"5":{"start":{"line":3,"column":0},"end":{"line":3,"column":21}},"6":{"start":{"line":3,"column":59},"end":{"line":3,"column":113}},"7":{"start":{"line":5,"column":10},"end":{"line":12,"column":94}},"8":{"start":{"line":5,"column":26},"end":{"line":12,"column":93}},"9":{"start":{"line":12,"column":95},"end":{"line":17,"column":4}}},"fnMap":{"0":{"name":"_interopRequireDefault","decl":{"start":{"line":3,"column":30},"end":{"line":3,"column":52}},"loc":{"start":{"line":3,"column":58},"end":{"line":3,"column":114}},"line":3},"1":{"name":"App","decl":{"start":{"line":5,"column":19},"end":{"line":5,"column":22}},"loc":{"start":{"line":5,"column":25},"end":{"line":12,"column":94}},"line":5}},"branchMap":{"0":{"loc":{"start":{"line":3,"column":66},"end":{"line":3,"column":112}},"type":"cond-expr","locations":[{"start":{"line":3,"column":90},"end":{"line":3,"column":93}},{"start":{"line":3,"column":96},"end":{"line":3,"column":112}}],"line":3},"1":{"loc":{"start":{"line":3,"column":66},"end":{"line":3,"column":87}},"type":"binary-expr","locations":[{"start":{"line":3,"column":66},"end":{"line":3,"column":69}},{"start":{"line":3,"column":73},"end":{"line":3,"column":87}}],"line":3}},"s":{"0":0,"1":0,"2":0,"3":0,"4":0,"5":0,"6":0,"7":0,"8":0,"9":0},"f":{"0":0,"1":0},"b":{"0":[0,0],"1":[0,0]}},"/Users/dev/Projects/GitHub/storybook/core/examples/cra-kitchen-sink/src/stories/addon-a11y.stories.js":{"path":"/Users/dev/Projects/GitHub/storybook/core/examples/cra-kitchen-sink/src/stories/addon-a11y.stories.js","statementMap":{"0":{"start":{"line":1,"column":26},"end":{"line":1,"column":42}},"1":{"start":{"line":1,"column":57},"end":{"line":1,"column":87}},"2":{"start":{"line":2,"column":14},"end":{"line":2,"column":41}},"3":{"start":{"line":4,"column":17},"end":{"line":4,"column":49}},"4":{"start":{"line":5,"column":18},"end":{"line":5,"column":53}},"5":{"start":{"line":5,"column":73},"end":{"line":5,"column":108}},"6":{"start":{"line":5,"column":147},"end":{"line":5,"column":201}},"7":{"start":{"line":7,"column":11},"end":{"line":7,"column":35}},"8":{"start":{"line":9,"column":0},"end":{"line":16,"column":130}},"9":{"start":{"line":11,"column":28},"end":{"line":11,"column":102}},"10":{"start":{"line":12,"column":26},"end":{"line":12,"column":102}},"11":{"start":{"line":13,"column":29},"end":{"line":13,"column":121}},"12":{"start":{"line":14,"column":37},"end":{"line":16,"column":127}}},"fnMap":{"0":{"name":"_interopRequireDefault","decl":{"start":{"line":5,"column":118},"end":{"line":5,"column":140}},"loc":{"start":{"line":5,"column":146},"end":{"line":5,"column":202}},"line":5},"1":{"name":"(anonymous_1)","decl":{"start":{"line":11,"column":15},"end":{"line":11,"column":16}},"loc":{"start":{"line":11,"column":27},"end":{"line":11,"column":103}},"line":11},"2":{"name":"(anonymous_2)","decl":{"start":{"line":12,"column":13},"end":{"line":12,"column":14}},"loc":{"start":{"line":12,"column":25},"end":{"line":12,"column":103}},"line":12},"3":{"name":"(anonymous_3)","decl":{"start":{"line":13,"column":16},"end":{"line":13,"column":17}},"loc":{"start":{"line":13,"column":28},"end":{"line":13,"column":122}},"line":13},"4":{"name":"(anonymous_4)","decl":{"start":{"line":14,"column":24},"end":{"line":14,"column":25}},"loc":{"start":{"line":14,"column":36},"end":{"line":16,"column":128}},"line":14}},"branchMap":{"0":{"loc":{"start":{"line":5,"column":154},"end":{"line":5,"column":200}},"type":"cond-expr","locations":[{"start":{"line":5,"column":178},"end":{"line":5,"column":181}},{"start":{"line":5,"column":184},"end":{"line":5,"column":200}}],"line":5},"1":{"loc":{"start":{"line":5,"column":154},"end":{"line":5,"column":175}},"type":"binary-expr","locations":[{"start":{"line":5,"column":154},"end":{"line":5,"column":157}},{"start":{"line":5,"column":161},"end":{"line":5,"column":175}}],"line":5}},"s":{"0":0,"1":0,"2":0,"3":0,"4":0,"5":0,"6":0,"7":0,"8":0,"9":0,"10":0,"11":0,"12":0},"f":{"0":0,"1":0,"2":0,"3":0,"4":0},"b":{"0":[0,0],"1":[0,0]}},"/Users/dev/Projects/GitHub/storybook/core/examples/cra-kitchen-sink/src/stories/index.stories.js":{"path":"/Users/dev/Projects/GitHub/storybook/core/examples/cra-kitchen-sink/src/stories/index.stories.js","statementMap":{"0":{"start":{"line":1,"column":26},"end":{"line":1,"column":42}},"1":{"start":{"line":1,"column":57},"end":{"line":1,"column":87}},"2":{"start":{"line":2,"column":20},"end":{"line":2,"column":44}},"3":{"start":{"line":2,"column":66},"end":{"line":2,"column":103}},"4":{"start":{"line":4,"column":14},"end":{"line":4,"column":41}},"5":{"start":{"line":5,"column":20},"end":{"line":5,"column":55}},"6":{"start":{"line":6,"column":20},"end":{"line":6,"column":55}},"7":{"start":{"line":7,"column":18},"end":{"line":7,"column":51}},"8":{"start":{"line":8,"column":19},"end":{"line":8,"column":53}},"9":{"start":{"line":8,"column":74},"end":{"line":8,"column":110}},"10":{"start":{"line":9,"column":21},"end":{"line":9,"column":57}},"11":{"start":{"line":9,"column":80},"end":{"line":9,"column":118}},"12":{"start":{"line":10,"column":17},"end":{"line":10,"column":49}},"13":{"start":{"line":11,"column":12},"end":{"line":11,"column":44}},"14":{"start":{"line":13,"column":11},"end":{"line":13,"column":28}},"15":{"start":{"line":13,"column":41},"end":{"line":13,"column":69}},"16":{"start":{"line":14,"column":14},"end":{"line":14,"column":33}},"17":{"start":{"line":14,"column":49},"end":{"line":14,"column":80}},"18":{"start":{"line":15,"column":17},"end":{"line":15,"column":39}},"19":{"start":{"line":15,"column":58},"end":{"line":15,"column":92}},"20":{"start":{"line":15,"column":131},"end":{"line":15,"column":185}},"21":{"start":{"line":17,"column":13},"end":{"line":21,"column":32}},"22":{"start":{"line":24,"column":13},"end":{"line":24,"column":41}},"23":{"start":{"line":25,"column":11},"end":{"line":25,"column":35}},"24":{"start":{"line":27,"column":17},"end":{"line":41,"column":13}},"25":{"start":{"line":27,"column":40},"end":{"line":41,"column":12}},"26":{"start":{"line":45,"column":0},"end":{"line":99,"column":121}},"27":{"start":{"line":46,"column":30},"end":{"line":48,"column":113}},"28":{"start":{"line":52,"column":36},"end":{"line":54,"column":152}},"29":{"start":{"line":58,"column":27},"end":{"line":60,"column":107}},"30":{"start":{"line":64,"column":31},"end":{"line":68,"column":127}},"31":{"start":{"line":76,"column":20},"end":{"line":78,"column":116}},"32":{"start":{"line":86,"column":20},"end":{"line":89,"column":116}},"33":{"start":{"line":96,"column":77},"end":{"line":99,"column":116}},"34":{"start":{"line":105,"column":0},"end":{"line":105,"column":128}},"35":{"start":{"line":105,"column":67},"end":{"line":105,"column":125}},"36":{"start":{"line":107,"column":0},"end":{"line":109,"column":151}},"37":{"start":{"line":109,"column":30},"end":{"line":109,"column":148}},"38":{"start":{"line":111,"column":0},"end":{"line":166,"column":105}},"39":{"start":{"line":112,"column":34},"end":{"line":163,"column":19}},"40":{"start":{"line":166,"column":27},"end":{"line":166,"column":102}}},"fnMap":{"0":{"name":"_interopRequireDefault","decl":{"start":{"line":15,"column":102},"end":{"line":15,"column":124}},"loc":{"start":{"line":15,"column":130},"end":{"line":15,"column":186}},"line":15},"1":{"name":"InfoButton","decl":{"start":{"line":27,"column":26},"end":{"line":27,"column":36}},"loc":{"start":{"line":27,"column":39},"end":{"line":41,"column":13}},"line":27},"2":{"name":"(anonymous_2)","decl":{"start":{"line":46,"column":17},"end":{"line":46,"column":18}},"loc":{"start":{"line":46,"column":29},"end":{"line":48,"column":114}},"line":46},"3":{"name":"(anonymous_3)","decl":{"start":{"line":52,"column":23},"end":{"line":52,"column":24}},"loc":{"start":{"line":52,"column":35},"end":{"line":54,"column":153}},"line":52},"4":{"name":"(anonymous_4)","decl":{"start":{"line":58,"column":14},"end":{"line":58,"column":15}},"loc":{"start":{"line":58,"column":26},"end":{"line":60,"column":108}},"line":58},"5":{"name":"(anonymous_5)","decl":{"start":{"line":64,"column":18},"end":{"line":64,"column":19}},"loc":{"start":{"line":64,"column":30},"end":{"line":68,"column":128}},"line":64},"6":{"name":"(anonymous_6)","decl":{"start":{"line":76,"column":0},"end":{"line":76,"column":1}},"loc":{"start":{"line":76,"column":19},"end":{"line":78,"column":117}},"line":76},"7":{"name":"(anonymous_7)","decl":{"start":{"line":86,"column":0},"end":{"line":86,"column":1}},"loc":{"start":{"line":86,"column":19},"end":{"line":89,"column":117}},"line":86},"8":{"name":"(anonymous_8)","decl":{"start":{"line":96,"column":57},"end":{"line":96,"column":58}},"loc":{"start":{"line":96,"column":76},"end":{"line":99,"column":117}},"line":96},"9":{"name":"(anonymous_9)","decl":{"start":{"line":105,"column":54},"end":{"line":105,"column":55}},"loc":{"start":{"line":105,"column":66},"end":{"line":105,"column":126}},"line":105},"10":{"name":"(anonymous_10)","decl":{"start":{"line":109,"column":17},"end":{"line":109,"column":18}},"loc":{"start":{"line":109,"column":29},"end":{"line":109,"column":149}},"line":109},"11":{"name":"(anonymous_11)","decl":{"start":{"line":112,"column":13},"end":{"line":112,"column":14}},"loc":{"start":{"line":112,"column":33},"end":{"line":163,"column":20}},"line":112},"12":{"name":"(anonymous_12)","decl":{"start":{"line":166,"column":14},"end":{"line":166,"column":15}},"loc":{"start":{"line":166,"column":26},"end":{"line":166,"column":103}},"line":166}},"branchMap":{"0":{"loc":{"start":{"line":15,"column":138},"end":{"line":15,"column":184}},"type":"cond-expr","locations":[{"start":{"line":15,"column":162},"end":{"line":15,"column":165}},{"start":{"line":15,"column":168},"end":{"line":15,"column":184}}],"line":15},"1":{"loc":{"start":{"line":15,"column":138},"end":{"line":15,"column":159}},"type":"binary-expr","locations":[{"start":{"line":15,"column":138},"end":{"line":15,"column":141}},{"start":{"line":15,"column":145},"end":{"line":15,"column":159}}],"line":15}},"s":{"0":0,"1":0,"2":0,"3":0,"4":0,"5":0,"6":0,"7":0,"8":0,"9":0,"10":0,"11":0,"12":0,"13":0,"14":0,"15":0,"16":0,"17":0,"18":0,"19":0,"20":0,"21":0,"22":0,"23":0,"24":0,"25":0,"26":0,"27":0,"28":0,"29":0,"30":0,"31":0,"32":0,"33":0,"34":0,"35":0,"36":0,"37":0,"38":0,"39":0,"40":0},"f":{"0":0,"1":0,"2":0,"3":0,"4":0,"5":0,"6":0,"7":0,"8":0,"9":0,"10":0,"11":0,"12":0},"b":{"0":[0,0],"1":[0,0]}},"/Users/dev/Projects/GitHub/storybook/core/examples/cra-kitchen-sink/src/stories/addon-info.stories.js":{"path":"/Users/dev/Projects/GitHub/storybook/core/examples/cra-kitchen-sink/src/stories/addon-info.stories.js","statementMap":{"0":{"start":{"line":1,"column":45},"end":{"line":1,"column":101}},"1":{"start":{"line":1,"column":134},"end":{"line":1,"column":183}},"2":{"start":{"line":1,"column":197},"end":{"line":1,"column":213}},"3":{"start":{"line":1,"column":228},"end":{"line":1,"column":258}},"4":{"start":{"line":2,"column":14},"end":{"line":2,"column":41}},"5":{"start":{"line":3,"column":17},"end":{"line":3,"column":49}},"6":{"start":{"line":4,"column":20},"end":{"line":4,"column":55}},"7":{"start":{"line":6,"column":20},"end":{"line":6,"column":57}},"8":{"start":{"line":6,"column":79},"end":{"line":6,"column":116}},"9":{"start":{"line":7,"column":22},"end":{"line":7,"column":61}},"10":{"start":{"line":7,"column":85},"end":{"line":7,"column":124}},"11":{"start":{"line":8,"column":18},"end":{"line":8,"column":53}},"12":{"start":{"line":8,"column":73},"end":{"line":8,"column":108}},"13":{"start":{"line":8,"column":147},"end":{"line":8,"column":201}},"14":{"start":{"line":10,"column":0},"end":{"line":27,"column":144}},"15":{"start":{"line":15,"column":13},"end":{"line":15,"column":149}},"16":{"start":{"line":21,"column":13},"end":{"line":21,"column":155}},"17":{"start":{"line":27,"column":13},"end":{"line":27,"column":140}},"18":{"start":{"line":30,"column":26},"end":{"line":30,"column":268}},"19":{"start":{"line":41,"column":0},"end":{"line":43,"column":190}},"20":{"start":{"line":43,"column":59},"end":{"line":43,"column":186}},"21":{"start":{"line":46,"column":0},"end":{"line":51,"column":100}},"22":{"start":{"line":51,"column":16},"end":{"line":51,"column":96}},"23":{"start":{"line":54,"column":0},"end":{"line":59,"column":100}},"24":{"start":{"line":59,"column":16},"end":{"line":59,"column":96}},"25":{"start":{"line":62,"column":0},"end":{"line":67,"column":100}},"26":{"start":{"line":67,"column":16},"end":{"line":67,"column":96}},"27":{"start":{"line":70,"column":0},"end":{"line":75,"column":97}},"28":{"start":{"line":75,"column":13},"end":{"line":75,"column":93}},"29":{"start":{"line":78,"column":0},"end":{"line":86,"column":100}},"30":{"start":{"line":83,"column":13},"end":{"line":86,"column":96}},"31":{"start":{"line":91,"column":0},"end":{"line":95,"column":97}},"32":{"start":{"line":95,"column":13},"end":{"line":95,"column":93}},"33":{"start":{"line":98,"column":0},"end":{"line":102,"column":131}},"34":{"start":{"line":99,"column":40},"end":{"line":100,"column":108}},"35":{"start":{"line":102,"column":48},"end":{"line":102,"column":128}},"36":{"start":{"line":104,"column":10},"end":{"line":104,"column":186}},"37":{"start":{"line":104,"column":39},"end":{"line":104,"column":185}},"38":{"start":{"line":104,"column":75},"end":{"line":104,"column":123}},"39":{"start":{"line":104,"column":124},"end":{"line":104,"column":183}},"40":{"start":{"line":106,"column":12},"end":{"line":106,"column":95}},"41":{"start":{"line":106,"column":29},"end":{"line":106,"column":93}},"42":{"start":{"line":108,"column":15},"end":{"line":108,"column":134}},"43":{"start":{"line":108,"column":52},"end":{"line":108,"column":66}},"44":{"start":{"line":108,"column":67},"end":{"line":108,"column":132}},"45":{"start":{"line":110,"column":0},"end":{"line":115,"column":58}},"46":{"start":{"line":112,"column":84},"end":{"line":115,"column":54}}},"fnMap":{"0":{"name":"_interopRequireDefault","decl":{"start":{"line":8,"column":118},"end":{"line":8,"column":140}},"loc":{"start":{"line":8,"column":146},"end":{"line":8,"column":202}},"line":8},"1":{"name":"(anonymous_1)","decl":{"start":{"line":15,"column":0},"end":{"line":15,"column":1}},"loc":{"start":{"line":15,"column":12},"end":{"line":15,"column":150}},"line":15},"2":{"name":"(anonymous_2)","decl":{"start":{"line":21,"column":0},"end":{"line":21,"column":1}},"loc":{"start":{"line":21,"column":12},"end":{"line":21,"column":156}},"line":21},"3":{"name":"(anonymous_3)","decl":{"start":{"line":27,"column":0},"end":{"line":27,"column":1}},"loc":{"start":{"line":27,"column":12},"end":{"line":27,"column":141}},"line":27},"4":{"name":"(anonymous_4)","decl":{"start":{"line":43,"column":46},"end":{"line":43,"column":47}},"loc":{"start":{"line":43,"column":58},"end":{"line":43,"column":187}},"line":43},"5":{"name":"(anonymous_5)","decl":{"start":{"line":51,"column":3},"end":{"line":51,"column":4}},"loc":{"start":{"line":51,"column":15},"end":{"line":51,"column":97}},"line":51},"6":{"name":"(anonymous_6)","decl":{"start":{"line":59,"column":3},"end":{"line":59,"column":4}},"loc":{"start":{"line":59,"column":15},"end":{"line":59,"column":97}},"line":59},"7":{"name":"(anonymous_7)","decl":{"start":{"line":67,"column":3},"end":{"line":67,"column":4}},"loc":{"start":{"line":67,"column":15},"end":{"line":67,"column":97}},"line":67},"8":{"name":"(anonymous_8)","decl":{"start":{"line":75,"column":0},"end":{"line":75,"column":1}},"loc":{"start":{"line":75,"column":12},"end":{"line":75,"column":94}},"line":75},"9":{"name":"(anonymous_9)","decl":{"start":{"line":83,"column":0},"end":{"line":83,"column":1}},"loc":{"start":{"line":83,"column":12},"end":{"line":86,"column":97}},"line":83},"10":{"name":"(anonymous_10)","decl":{"start":{"line":95,"column":0},"end":{"line":95,"column":1}},"loc":{"start":{"line":95,"column":12},"end":{"line":95,"column":94}},"line":95},"11":{"name":"(anonymous_11)","decl":{"start":{"line":99,"column":13},"end":{"line":99,"column":14}},"loc":{"start":{"line":99,"column":39},"end":{"line":100,"column":109}},"line":99},"12":{"name":"(anonymous_12)","decl":{"start":{"line":102,"column":35},"end":{"line":102,"column":36}},"loc":{"start":{"line":102,"column":47},"end":{"line":102,"column":129}},"line":102},"13":{"name":"hoc","decl":{"start":{"line":104,"column":19},"end":{"line":104,"column":22}},"loc":{"start":{"line":104,"column":38},"end":{"line":104,"column":186}},"line":104},"14":{"name":"(anonymous_14)","decl":{"start":{"line":104,"column":46},"end":{"line":104,"column":47}},"loc":{"start":{"line":104,"column":62},"end":{"line":104,"column":184}},"line":104},"15":{"name":"(anonymous_15)","decl":{"start":{"line":106,"column":16},"end":{"line":106,"column":17}},"loc":{"start":{"line":106,"column":28},"end":{"line":106,"column":94}},"line":106},"16":{"name":"(anonymous_16)","decl":{"start":{"line":108,"column":19},"end":{"line":108,"column":20}},"loc":{"start":{"line":108,"column":36},"end":{"line":108,"column":133}},"line":108},"17":{"name":"(anonymous_17)","decl":{"start":{"line":112,"column":71},"end":{"line":112,"column":72}},"loc":{"start":{"line":112,"column":83},"end":{"line":115,"column":55}},"line":112}},"branchMap":{"0":{"loc":{"start":{"line":8,"column":154},"end":{"line":8,"column":200}},"type":"cond-expr","locations":[{"start":{"line":8,"column":178},"end":{"line":8,"column":181}},{"start":{"line":8,"column":184},"end":{"line":8,"column":200}}],"line":8},"1":{"loc":{"start":{"line":8,"column":154},"end":{"line":8,"column":175}},"type":"binary-expr","locations":[{"start":{"line":8,"column":154},"end":{"line":8,"column":157}},{"start":{"line":8,"column":161},"end":{"line":8,"column":175}}],"line":8}},"s":{"0":0,"1":0,"2":0,"3":0,"4":0,"5":0,"6":0,"7":0,"8":0,"9":0,"10":0,"11":0,"12":0,"13":0,"14":0,"15":0,"16":0,"17":0,"18":0,"19":0,"20":0,"21":0,"22":0,"23":0,"24":0,"25":0,"26":0,"27":0,"28":0,"29":0,"30":0,"31":0,"32":0,"33":0,"34":0,"35":0,"36":0,"37":0,"38":0,"39":0,"40":0,"41":0,"42":0,"43":0,"44":0,"45":0,"46":0},"f":{"0":0,"1":0,"2":0,"3":0,"4":0,"5":0,"6":0,"7":0,"8":0,"9":0,"10":0,"11":0,"12":0,"13":0,"14":0,"15":0,"16":0,"17":0},"b":{"0":[0,0],"1":[0,0]}},"/Users/dev/Projects/GitHub/storybook/core/examples/cra-kitchen-sink/src/stories/Logger.js":{"path":"/Users/dev/Projects/GitHub/storybook/core/examples/cra-kitchen-sink/src/stories/Logger.js","statementMap":{"0":{"start":{"line":1,"column":13},"end":{"line":1,"column":75}},"1":{"start":{"line":1,"column":101},"end":{"line":1,"column":151}},"2":{"start":{"line":1,"column":178},"end":{"line":1,"column":221}},"3":{"start":{"line":1,"column":245},"end":{"line":1,"column":292}},"4":{"start":{"line":1,"column":316},"end":{"line":1,"column":356}},"5":{"start":{"line":1,"column":377},"end":{"line":1,"column":421}},"6":{"start":{"line":1,"column":442},"end":{"line":1,"column":479}},"7":{"start":{"line":1,"column":514},"end":{"line":1,"column":572}},"8":{"start":{"line":1,"column":607},"end":{"line":1,"column":658}},"9":{"start":{"line":1,"column":676},"end":{"line":1,"column":717}},"10":{"start":{"line":1,"column":735},"end":{"line":1,"column":769}},"11":{"start":{"line":1,"column":783},"end":{"line":1,"column":799}},"12":{"start":{"line":1,"column":814},"end":{"line":1,"column":844}},"13":{"start":{"line":2,"column":18},"end":{"line":2,"column":40}},"14":{"start":{"line":2,"column":60},"end":{"line":2,"column":95}},"15":{"start":{"line":3,"column":17},"end":{"line":3,"column":38}},"16":{"start":{"line":3,"column":57},"end":{"line":3,"column":91}},"17":{"start":{"line":4,"column":20},"end":{"line":4,"column":44}},"18":{"start":{"line":4,"column":66},"end":{"line":4,"column":103}},"19":{"start":{"line":6,"column":9},"end":{"line":6,"column":27}},"20":{"start":{"line":6,"column":38},"end":{"line":6,"column":64}},"21":{"start":{"line":6,"column":103},"end":{"line":6,"column":157}},"22":{"start":{"line":8,"column":13},"end":{"line":12,"column":32}},"23":{"start":{"line":15,"column":13},"end":{"line":26,"column":24}},"24":{"start":{"line":30,"column":9},"end":{"line":74,"column":43}},"25":{"start":{"line":30,"column":32},"end":{"line":30,"column":76}},"26":{"start":{"line":30,"column":127},"end":{"line":30,"column":171}},"27":{"start":{"line":30,"column":171},"end":{"line":30,"column":287}},"28":{"start":{"line":30,"column":257},"end":{"line":30,"column":286}},"29":{"start":{"line":30,"column":287},"end":{"line":52,"column":73}},"30":{"start":{"line":48,"column":38},"end":{"line":52,"column":8}},"31":{"start":{"line":49,"column":8},"end":{"line":50,"column":137}},"32":{"start":{"line":49,"column":54},"end":{"line":49,"column":66}},"33":{"start":{"line":49,"column":67},"end":{"line":50,"column":134}},"34":{"start":{"line":52,"column":74},"end":{"line":74,"column":10}},"35":{"start":{"line":52,"column":190},"end":{"line":52,"column":207}},"36":{"start":{"line":52,"column":208},"end":{"line":52,"column":281}},"37":{"start":{"line":52,"column":281},"end":{"line":52,"column":354}},"38":{"start":{"line":52,"column":354},"end":{"line":52,"column":427}},"39":{"start":{"line":52,"column":427},"end":{"line":52,"column":500}},"40":{"start":{"line":55,"column":15},"end":{"line":55,"column":32}},"41":{"start":{"line":57,"column":6},"end":{"line":67,"column":130}},"42":{"start":{"line":61,"column":50},"end":{"line":61,"column":58}},"43":{"start":{"line":61,"column":66},"end":{"line":61,"column":76}},"44":{"start":{"line":61,"column":87},"end":{"line":61,"column":100}},"45":{"start":{"line":61,"column":101},"end":{"line":67,"column":124}},"46":{"start":{"line":74,"column":10},"end":{"line":74,"column":24}},"47":{"start":{"line":74,"column":44},"end":{"line":74,"column":141}},"48":{"start":{"line":74,"column":141},"end":{"line":74,"column":166}}},"fnMap":{"0":{"name":"_interopRequireDefault","decl":{"start":{"line":6,"column":74},"end":{"line":6,"column":96}},"loc":{"start":{"line":6,"column":102},"end":{"line":6,"column":158}},"line":6},"1":{"name":"(anonymous_1)","decl":{"start":{"line":30,"column":9},"end":{"line":30,"column":10}},"loc":{"start":{"line":30,"column":31},"end":{"line":74,"column":25}},"line":30},"2":{"name":"Logger","decl":{"start":{"line":30,"column":85},"end":{"line":30,"column":91}},"loc":{"start":{"line":30,"column":94},"end":{"line":52,"column":74}},"line":30},"3":{"name":"(anonymous_3)","decl":{"start":{"line":48,"column":21},"end":{"line":48,"column":22}},"loc":{"start":{"line":48,"column":37},"end":{"line":52,"column":9}},"line":48},"4":{"name":"(anonymous_4)","decl":{"start":{"line":48,"column":45},"end":{"line":48,"column":46}},"loc":{"start":{"line":48,"column":64},"end":{"line":52,"column":7}},"line":48},"5":{"name":"(anonymous_5)","decl":{"start":{"line":49,"column":23},"end":{"line":49,"column":24}},"loc":{"start":{"line":49,"column":40},"end":{"line":50,"column":135}},"line":49},"6":{"name":"componentWillMount","decl":{"start":{"line":52,"column":155},"end":{"line":52,"column":173}},"loc":{"start":{"line":52,"column":176},"end":{"line":52,"column":501}},"line":52},"7":{"name":"render","decl":{"start":{"line":52,"column":538},"end":{"line":52,"column":544}},"loc":{"start":{"line":54,"column":4},"end":{"line":74,"column":5}},"line":54},"8":{"name":"(anonymous_8)","decl":{"start":{"line":61,"column":23},"end":{"line":61,"column":24}},"loc":{"start":{"line":61,"column":40},"end":{"line":67,"column":125}},"line":61}},"branchMap":{"0":{"loc":{"start":{"line":6,"column":110},"end":{"line":6,"column":156}},"type":"cond-expr","locations":[{"start":{"line":6,"column":134},"end":{"line":6,"column":137}},{"start":{"line":6,"column":140},"end":{"line":6,"column":156}}],"line":6},"1":{"loc":{"start":{"line":6,"column":110},"end":{"line":6,"column":131}},"type":"binary-expr","locations":[{"start":{"line":6,"column":110},"end":{"line":6,"column":113}},{"start":{"line":6,"column":117},"end":{"line":6,"column":131}}],"line":6},"2":{"loc":{"start":{"line":30,"column":374},"end":{"line":30,"column":423}},"type":"binary-expr","locations":[{"start":{"line":30,"column":374},"end":{"line":30,"column":390}},{"start":{"line":30,"column":394},"end":{"line":30,"column":423}}],"line":30}},"s":{"0":0,"1":0,"2":0,"3":0,"4":0,"5":0,"6":0,"7":0,"8":0,"9":0,"10":0,"11":0,"12":0,"13":0,"14":0,"15":0,"16":0,"17":0,"18":0,"19":0,"20":0,"21":0,"22":0,"23":0,"24":0,"25":0,"26":0,"27":0,"28":0,"29":0,"30":0,"31":0,"32":0,"33":0,"34":0,"35":0,"36":0,"37":0,"38":0,"39":0,"40":0,"41":0,"42":0,"43":0,"44":0,"45":0,"46":0,"47":0,"48":0},"f":{"0":0,"1":0,"2":0,"3":0,"4":0,"5":0,"6":0,"7":0,"8":0},"b":{"0":[0,0],"1":[0,0],"2":[0,0]}},"/Users/dev/Projects/GitHub/storybook/core/examples/cra-kitchen-sink/src/stories/addon-knobs.stories.js":{"path":"/Users/dev/Projects/GitHub/storybook/core/examples/cra-kitchen-sink/src/stories/addon-knobs.stories.js","statementMap":{"0":{"start":{"line":1,"column":29},"end":{"line":1,"column":69}},"1":{"start":{"line":1,"column":86},"end":{"line":1,"column":119}},"2":{"start":{"line":1,"column":143},"end":{"line":1,"column":190}},"3":{"start":{"line":1,"column":214},"end":{"line":1,"column":254}},"4":{"start":{"line":1,"column":275},"end":{"line":1,"column":319}},"5":{"start":{"line":1,"column":340},"end":{"line":1,"column":377}},"6":{"start":{"line":1,"column":412},"end":{"line":1,"column":470}},"7":{"start":{"line":1,"column":505},"end":{"line":1,"column":556}},"8":{"start":{"line":1,"column":574},"end":{"line":1,"column":615}},"9":{"start":{"line":1,"column":633},"end":{"line":1,"column":667}},"10":{"start":{"line":1,"column":681},"end":{"line":1,"column":697}},"11":{"start":{"line":1,"column":712},"end":{"line":1,"column":742}},"12":{"start":{"line":2,"column":14},"end":{"line":2,"column":41}},"13":{"start":{"line":4,"column":18},"end":{"line":4,"column":51}},"14":{"start":{"line":4,"column":90},"end":{"line":4,"column":144}},"15":{"start":{"line":18,"column":18},"end":{"line":45,"column":61}},"16":{"start":{"line":18,"column":47},"end":{"line":18,"column":106}},"17":{"start":{"line":19,"column":30},"end":{"line":19,"column":83}},"18":{"start":{"line":19,"column":95},"end":{"line":19,"column":223}},"19":{"start":{"line":21,"column":4},"end":{"line":21,"column":32}},"20":{"start":{"line":21,"column":32},"end":{"line":21,"column":45}},"21":{"start":{"line":22,"column":3},"end":{"line":45,"column":10}},"22":{"start":{"line":24,"column":18},"end":{"line":24,"column":22}},"23":{"start":{"line":25,"column":6},"end":{"line":27,"column":21}},"24":{"start":{"line":29,"column":6},"end":{"line":29,"column":120}},"25":{"start":{"line":29,"column":30},"end":{"line":29,"column":111}},"26":{"start":{"line":32,"column":18},"end":{"line":32,"column":22}},"27":{"start":{"line":35,"column":6},"end":{"line":35,"column":96}},"28":{"start":{"line":35,"column":61},"end":{"line":35,"column":93}},"29":{"start":{"line":37,"column":6},"end":{"line":37,"column":16}},"30":{"start":{"line":37,"column":29},"end":{"line":37,"column":45}},"31":{"start":{"line":37,"column":54},"end":{"line":37,"column":66}},"32":{"start":{"line":39,"column":6},"end":{"line":43,"column":7}},"33":{"start":{"line":40,"column":8},"end":{"line":40,"column":72}},"34":{"start":{"line":41,"column":13},"end":{"line":43,"column":7}},"35":{"start":{"line":42,"column":8},"end":{"line":42,"column":75}},"36":{"start":{"line":44,"column":6},"end":{"line":44,"column":141}},"37":{"start":{"line":44,"column":79},"end":{"line":44,"column":137}},"38":{"start":{"line":45,"column":10},"end":{"line":45,"column":33}},"39":{"start":{"line":48,"column":0},"end":{"line":94,"column":64}},"40":{"start":{"line":51,"column":13},"end":{"line":51,"column":57}},"41":{"start":{"line":52,"column":12},"end":{"line":52,"column":89}},"42":{"start":{"line":53,"column":15},"end":{"line":56,"column":22}},"43":{"start":{"line":58,"column":14},"end":{"line":58,"column":63}},"44":{"start":{"line":59,"column":16},"end":{"line":59,"column":56}},"45":{"start":{"line":61,"column":24},"end":{"line":61,"column":71}},"46":{"start":{"line":62,"column":14},"end":{"line":62,"column":76}},"47":{"start":{"line":63,"column":20},"end":{"line":65,"column":22}},"48":{"start":{"line":67,"column":13},"end":{"line":67,"column":51}},"49":{"start":{"line":70,"column":24},"end":{"line":70,"column":47}},"50":{"start":{"line":71,"column":17},"end":{"line":71,"column":67}},"51":{"start":{"line":73,"column":14},"end":{"line":73,"column":108}},"52":{"start":{"line":74,"column":14},"end":{"line":74,"column":87}},"53":{"start":{"line":75,"column":19},"end":{"line":75,"column":65}},"54":{"start":{"line":76,"column":20},"end":{"line":76,"column":70}},"55":{"start":{"line":78,"column":2},"end":{"line":87,"column":83}},"56":{"start":{"line":84,"column":75},"end":{"line":84,"column":139}},"57":{"start":{"line":91,"column":48},"end":{"line":94,"column":61}},"58":{"start":{"line":98,"column":0},"end":{"line":153,"column":64}},"59":{"start":{"line":106,"column":13},"end":{"line":106,"column":57}},"60":{"start":{"line":107,"column":12},"end":{"line":107,"column":89}},"61":{"start":{"line":108,"column":15},"end":{"line":111,"column":22}},"62":{"start":{"line":113,"column":14},"end":{"line":113,"column":63}},"63":{"start":{"line":114,"column":16},"end":{"line":114,"column":56}},"64":{"start":{"line":116,"column":24},"end":{"line":116,"column":71}},"65":{"start":{"line":117,"column":14},"end":{"line":117,"column":76}},"66":{"start":{"line":118,"column":20},"end":{"line":120,"column":22}},"67":{"start":{"line":122,"column":13},"end":{"line":122,"column":51}},"68":{"start":{"line":125,"column":24},"end":{"line":125,"column":47}},"69":{"start":{"line":126,"column":17},"end":{"line":126,"column":67}},"70":{"start":{"line":128,"column":14},"end":{"line":128,"column":108}},"71":{"start":{"line":129,"column":14},"end":{"line":129,"column":87}},"72":{"start":{"line":130,"column":19},"end":{"line":130,"column":65}},"73":{"start":{"line":131,"column":20},"end":{"line":131,"column":70}},"74":{"start":{"line":133,"column":2},"end":{"line":146,"column":83}},"75":{"start":{"line":143,"column":75},"end":{"line":143,"column":139}},"76":{"start":{"line":150,"column":68},"end":{"line":153,"column":61}}},"fnMap":{"0":{"name":"_interopRequireDefault","decl":{"start":{"line":4,"column":61},"end":{"line":4,"column":83}},"loc":{"start":{"line":4,"column":89},"end":{"line":4,"column":145}},"line":4},"1":{"name":"(anonymous_1)","decl":{"start":{"line":18,"column":18},"end":{"line":18,"column":19}},"loc":{"start":{"line":18,"column":46},"end":{"line":45,"column":34}},"line":18},"2":{"name":"AsyncItemLoader","decl":{"start":{"line":19,"column":11},"end":{"line":19,"column":26}},"loc":{"start":{"line":19,"column":29},"end":{"line":22,"column":3}},"line":19},"3":{"name":"handleLoadItems","decl":{"start":{"line":22,"column":90},"end":{"line":22,"column":105}},"loc":{"start":{"line":24,"column":4},"end":{"line":30,"column":5}},"line":24},"4":{"name":"(anonymous_4)","decl":{"start":{"line":29,"column":17},"end":{"line":29,"column":18}},"loc":{"start":{"line":29,"column":29},"end":{"line":29,"column":112}},"line":29},"5":{"name":"render","decl":{"start":{"line":30,"column":42},"end":{"line":30,"column":48}},"loc":{"start":{"line":32,"column":4},"end":{"line":45,"column":5}},"line":32},"6":{"name":"(anonymous_6)","decl":{"start":{"line":35,"column":48},"end":{"line":35,"column":49}},"loc":{"start":{"line":35,"column":60},"end":{"line":35,"column":94}},"line":35},"7":{"name":"(anonymous_7)","decl":{"start":{"line":44,"column":65},"end":{"line":44,"column":66}},"loc":{"start":{"line":44,"column":78},"end":{"line":44,"column":138}},"line":44},"8":{"name":"(anonymous_8)","decl":{"start":{"line":50,"column":28},"end":{"line":50,"column":29}},"loc":{"start":{"line":50,"column":40},"end":{"line":90,"column":1}},"line":50},"9":{"name":"(anonymous_9)","decl":{"start":{"line":84,"column":58},"end":{"line":84,"column":59}},"loc":{"start":{"line":84,"column":74},"end":{"line":84,"column":140}},"line":84},"10":{"name":"(anonymous_10)","decl":{"start":{"line":91,"column":35},"end":{"line":91,"column":36}},"loc":{"start":{"line":91,"column":47},"end":{"line":94,"column":62}},"line":91},"11":{"name":"(anonymous_11)","decl":{"start":{"line":105,"column":48},"end":{"line":105,"column":49}},"loc":{"start":{"line":105,"column":60},"end":{"line":149,"column":1}},"line":105},"12":{"name":"(anonymous_12)","decl":{"start":{"line":143,"column":58},"end":{"line":143,"column":59}},"loc":{"start":{"line":143,"column":74},"end":{"line":143,"column":140}},"line":143},"13":{"name":"(anonymous_13)","decl":{"start":{"line":150,"column":55},"end":{"line":150,"column":56}},"loc":{"start":{"line":150,"column":67},"end":{"line":153,"column":62}},"line":150}},"branchMap":{"0":{"loc":{"start":{"line":4,"column":97},"end":{"line":4,"column":143}},"type":"cond-expr","locations":[{"start":{"line":4,"column":121},"end":{"line":4,"column":124}},{"start":{"line":4,"column":127},"end":{"line":4,"column":143}}],"line":4},"1":{"loc":{"start":{"line":4,"column":97},"end":{"line":4,"column":118}},"type":"binary-expr","locations":[{"start":{"line":4,"column":97},"end":{"line":4,"column":100}},{"start":{"line":4,"column":104},"end":{"line":4,"column":118}}],"line":4},"2":{"loc":{"start":{"line":19,"column":143},"end":{"line":19,"column":210}},"type":"binary-expr","locations":[{"start":{"line":19,"column":143},"end":{"line":19,"column":168}},{"start":{"line":19,"column":172},"end":{"line":19,"column":210}}],"line":19},"3":{"loc":{"start":{"line":39,"column":6},"end":{"line":43,"column":7}},"type":"if","locations":[{"start":{"line":39,"column":6},"end":{"line":43,"column":7}},{"start":{"line":39,"column":6},"end":{"line":43,"column":7}}],"line":39},"4":{"loc":{"start":{"line":41,"column":13},"end":{"line":43,"column":7}},"type":"if","locations":[{"start":{"line":41,"column":13},"end":{"line":43,"column":7}},{"start":{"line":41,"column":13},"end":{"line":43,"column":7}}],"line":41},"5":{"loc":{"start":{"line":75,"column":19},"end":{"line":75,"column":65}},"type":"cond-expr","locations":[{"start":{"line":75,"column":26},"end":{"line":75,"column":45}},{"start":{"line":75,"column":48},"end":{"line":75,"column":65}}],"line":75},"6":{"loc":{"start":{"line":130,"column":19},"end":{"line":130,"column":65}},"type":"cond-expr","locations":[{"start":{"line":130,"column":26},"end":{"line":130,"column":45}},{"start":{"line":130,"column":48},"end":{"line":130,"column":65}}],"line":130}},"s":{"0":0,"1":0,"2":0,"3":0,"4":0,"5":0,"6":0,"7":0,"8":0,"9":0,"10":0,"11":0,"12":0,"13":0,"14":0,"15":0,"16":0,"17":0,"18":0,"19":0,"20":0,"21":0,"22":0,"23":0,"24":0,"25":0,"26":0,"27":0,"28":0,"29":0,"30":0,"31":0,"32":0,"33":0,"34":0,"35":0,"36":0,"37":0,"38":0,"39":0,"40":0,"41":0,"42":0,"43":0,"44":0,"45":0,"46":0,"47":0,"48":0,"49":0,"50":0,"51":0,"52":0,"53":0,"54":0,"55":0,"56":0,"57":0,"58":0,"59":0,"60":0,"61":0,"62":0,"63":0,"64":0,"65":0,"66":0,"67":0,"68":0,"69":0,"70":0,"71":0,"72":0,"73":0,"74":0,"75":0,"76":0},"f":{"0":0,"1":0,"2":0,"3":0,"4":0,"5":0,"6":0,"7":0,"8":0,"9":0,"10":0,"11":0,"12":0,"13":0},"b":{"0":[0,0],"1":[0,0],"2":[0,0],"3":[0,0],"4":[0,0],"5":[0,0],"6":[0,0]}}}}